{"C:\\Users\\ARGENIS\\Desktop\\proyecto-crud\\controllers\\emailController.js": {"path":"C:\\Users\\ARGENIS\\Desktop\\proyecto-crud\\controllers\\emailController.js","statementMap":{"0":{"start":{"line":1,"column":28},"end":{"line":1,"column":63}},"1":{"start":{"line":2,"column":24},"end":{"line":2,"column":56}},"2":{"start":{"line":14,"column":4},"end":{"line":38,"column":5}},"3":{"start":{"line":15,"column":38},"end":{"line":15,"column":46}},"4":{"start":{"line":17,"column":6},"end":{"line":22,"column":7}},"5":{"start":{"line":18,"column":8},"end":{"line":21,"column":11}},"6":{"start":{"line":24,"column":27},"end":{"line":24,"column":50}},"7":{"start":{"line":25,"column":21},"end":{"line":25,"column":77}},"8":{"start":{"line":27,"column":6},"end":{"line":31,"column":9}},"9":{"start":{"line":33,"column":6},"end":{"line":37,"column":9}},"10":{"start":{"line":46,"column":4},"end":{"line":70,"column":5}},"11":{"start":{"line":47,"column":39},"end":{"line":47,"column":47}},"12":{"start":{"line":49,"column":6},"end":{"line":54,"column":7}},"13":{"start":{"line":50,"column":8},"end":{"line":53,"column":11}},"14":{"start":{"line":56,"column":27},"end":{"line":56,"column":50}},"15":{"start":{"line":57,"column":21},"end":{"line":57,"column":84}},"16":{"start":{"line":59,"column":6},"end":{"line":63,"column":9}},"17":{"start":{"line":65,"column":6},"end":{"line":69,"column":9}},"18":{"start":{"line":78,"column":4},"end":{"line":102,"column":5}},"19":{"start":{"line":79,"column":46},"end":{"line":79,"column":54}},"20":{"start":{"line":81,"column":6},"end":{"line":86,"column":7}},"21":{"start":{"line":82,"column":8},"end":{"line":85,"column":11}},"22":{"start":{"line":88,"column":27},"end":{"line":88,"column":50}},"23":{"start":{"line":89,"column":21},"end":{"line":89,"column":90}},"24":{"start":{"line":91,"column":6},"end":{"line":95,"column":9}},"25":{"start":{"line":97,"column":6},"end":{"line":101,"column":9}},"26":{"start":{"line":110,"column":4},"end":{"line":134,"column":5}},"27":{"start":{"line":111,"column":46},"end":{"line":111,"column":54}},"28":{"start":{"line":113,"column":6},"end":{"line":118,"column":7}},"29":{"start":{"line":114,"column":8},"end":{"line":117,"column":11}},"30":{"start":{"line":120,"column":27},"end":{"line":120,"column":50}},"31":{"start":{"line":121,"column":21},"end":{"line":121,"column":90}},"32":{"start":{"line":123,"column":6},"end":{"line":127,"column":9}},"33":{"start":{"line":129,"column":6},"end":{"line":133,"column":9}},"34":{"start":{"line":142,"column":4},"end":{"line":182,"column":5}},"35":{"start":{"line":143,"column":81},"end":{"line":143,"column":89}},"36":{"start":{"line":145,"column":6},"end":{"line":150,"column":7}},"37":{"start":{"line":146,"column":8},"end":{"line":149,"column":11}},"38":{"start":{"line":152,"column":6},"end":{"line":157,"column":7}},"39":{"start":{"line":153,"column":8},"end":{"line":156,"column":11}},"40":{"start":{"line":159,"column":27},"end":{"line":159,"column":50}},"41":{"start":{"line":160,"column":21},"end":{"line":169,"column":8}},"42":{"start":{"line":171,"column":6},"end":{"line":175,"column":9}},"43":{"start":{"line":177,"column":6},"end":{"line":181,"column":9}},"44":{"start":{"line":190,"column":4},"end":{"line":205,"column":5}},"45":{"start":{"line":191,"column":27},"end":{"line":191,"column":50}},"46":{"start":{"line":192,"column":20},"end":{"line":192,"column":43}},"47":{"start":{"line":194,"column":6},"end":{"line":198,"column":9}},"48":{"start":{"line":200,"column":6},"end":{"line":204,"column":9}},"49":{"start":{"line":213,"column":4},"end":{"line":235,"column":5}},"50":{"start":{"line":214,"column":21},"end":{"line":222,"column":7}},"51":{"start":{"line":221,"column":65},"end":{"line":221,"column":87}},"52":{"start":{"line":224,"column":6},"end":{"line":228,"column":9}},"53":{"start":{"line":230,"column":6},"end":{"line":234,"column":9}},"54":{"start":{"line":243,"column":4},"end":{"line":280,"column":5}},"55":{"start":{"line":244,"column":21},"end":{"line":244,"column":29}},"56":{"start":{"line":246,"column":6},"end":{"line":251,"column":7}},"57":{"start":{"line":247,"column":8},"end":{"line":250,"column":11}},"58":{"start":{"line":253,"column":27},"end":{"line":253,"column":50}},"59":{"start":{"line":254,"column":21},"end":{"line":267,"column":8}},"60":{"start":{"line":269,"column":6},"end":{"line":273,"column":9}},"61":{"start":{"line":275,"column":6},"end":{"line":279,"column":9}},"62":{"start":{"line":288,"column":4},"end":{"line":306,"column":5}},"63":{"start":{"line":289,"column":27},"end":{"line":289,"column":50}},"64":{"start":{"line":290,"column":24},"end":{"line":290,"column":65}},"65":{"start":{"line":292,"column":6},"end":{"line":299,"column":9}},"66":{"start":{"line":301,"column":6},"end":{"line":305,"column":9}},"67":{"start":{"line":310,"column":0},"end":{"line":310,"column":33}}},"fnMap":{"0":{"name":"(anonymous_0)","decl":{"start":{"line":13,"column":2},"end":{"line":13,"column":3}},"loc":{"start":{"line":13,"column":42},"end":{"line":39,"column":3}},"line":13},"1":{"name":"(anonymous_1)","decl":{"start":{"line":45,"column":2},"end":{"line":45,"column":3}},"loc":{"start":{"line":45,"column":48},"end":{"line":71,"column":3}},"line":45},"2":{"name":"(anonymous_2)","decl":{"start":{"line":77,"column":2},"end":{"line":77,"column":3}},"loc":{"start":{"line":77,"column":47},"end":{"line":103,"column":3}},"line":77},"3":{"name":"(anonymous_3)","decl":{"start":{"line":109,"column":2},"end":{"line":109,"column":3}},"loc":{"start":{"line":109,"column":47},"end":{"line":135,"column":3}},"line":109},"4":{"name":"(anonymous_4)","decl":{"start":{"line":141,"column":2},"end":{"line":141,"column":3}},"loc":{"start":{"line":141,"column":41},"end":{"line":183,"column":3}},"line":141},"5":{"name":"(anonymous_5)","decl":{"start":{"line":189,"column":2},"end":{"line":189,"column":3}},"loc":{"start":{"line":189,"column":39},"end":{"line":206,"column":3}},"line":189},"6":{"name":"(anonymous_6)","decl":{"start":{"line":212,"column":2},"end":{"line":212,"column":3}},"loc":{"start":{"line":212,"column":40},"end":{"line":236,"column":3}},"line":212},"7":{"name":"(anonymous_7)","decl":{"start":{"line":221,"column":54},"end":{"line":221,"column":55}},"loc":{"start":{"line":221,"column":65},"end":{"line":221,"column":87}},"line":221},"8":{"name":"(anonymous_8)","decl":{"start":{"line":242,"column":2},"end":{"line":242,"column":3}},"loc":{"start":{"line":242,"column":35},"end":{"line":281,"column":3}},"line":242},"9":{"name":"(anonymous_9)","decl":{"start":{"line":287,"column":2},"end":{"line":287,"column":3}},"loc":{"start":{"line":287,"column":47},"end":{"line":307,"column":3}},"line":287}},"branchMap":{"0":{"loc":{"start":{"line":17,"column":6},"end":{"line":22,"column":7}},"type":"if","locations":[{"start":{"line":17,"column":6},"end":{"line":22,"column":7}},{"start":{},"end":{}}],"line":17},"1":{"loc":{"start":{"line":17,"column":10},"end":{"line":17,"column":33}},"type":"binary-expr","locations":[{"start":{"line":17,"column":10},"end":{"line":17,"column":20}},{"start":{"line":17,"column":24},"end":{"line":17,"column":33}}],"line":17},"2":{"loc":{"start":{"line":49,"column":6},"end":{"line":54,"column":7}},"type":"if","locations":[{"start":{"line":49,"column":6},"end":{"line":54,"column":7}},{"start":{},"end":{}}],"line":49},"3":{"loc":{"start":{"line":49,"column":10},"end":{"line":49,"column":34}},"type":"binary-expr","locations":[{"start":{"line":49,"column":10},"end":{"line":49,"column":20}},{"start":{"line":49,"column":24},"end":{"line":49,"column":34}}],"line":49},"4":{"loc":{"start":{"line":81,"column":6},"end":{"line":86,"column":7}},"type":"if","locations":[{"start":{"line":81,"column":6},"end":{"line":86,"column":7}},{"start":{},"end":{}}],"line":81},"5":{"loc":{"start":{"line":81,"column":10},"end":{"line":81,"column":41}},"type":"binary-expr","locations":[{"start":{"line":81,"column":10},"end":{"line":81,"column":20}},{"start":{"line":81,"column":24},"end":{"line":81,"column":41}}],"line":81},"6":{"loc":{"start":{"line":113,"column":6},"end":{"line":118,"column":7}},"type":"if","locations":[{"start":{"line":113,"column":6},"end":{"line":118,"column":7}},{"start":{},"end":{}}],"line":113},"7":{"loc":{"start":{"line":113,"column":10},"end":{"line":113,"column":41}},"type":"binary-expr","locations":[{"start":{"line":113,"column":10},"end":{"line":113,"column":20}},{"start":{"line":113,"column":24},"end":{"line":113,"column":41}}],"line":113},"8":{"loc":{"start":{"line":145,"column":6},"end":{"line":150,"column":7}},"type":"if","locations":[{"start":{"line":145,"column":6},"end":{"line":150,"column":7}},{"start":{},"end":{}}],"line":145},"9":{"loc":{"start":{"line":145,"column":10},"end":{"line":145,"column":25}},"type":"binary-expr","locations":[{"start":{"line":145,"column":10},"end":{"line":145,"column":13}},{"start":{"line":145,"column":17},"end":{"line":145,"column":25}}],"line":145},"10":{"loc":{"start":{"line":152,"column":6},"end":{"line":157,"column":7}},"type":"if","locations":[{"start":{"line":152,"column":6},"end":{"line":157,"column":7}},{"start":{},"end":{}}],"line":152},"11":{"loc":{"start":{"line":152,"column":10},"end":{"line":152,"column":37}},"type":"binary-expr","locations":[{"start":{"line":152,"column":10},"end":{"line":152,"column":19}},{"start":{"line":152,"column":23},"end":{"line":152,"column":28}},{"start":{"line":152,"column":32},"end":{"line":152,"column":37}}],"line":152},"12":{"loc":{"start":{"line":246,"column":6},"end":{"line":251,"column":7}},"type":"if","locations":[{"start":{"line":246,"column":6},"end":{"line":251,"column":7}},{"start":{},"end":{}}],"line":246}},"s":{"0":3,"1":3,"2":26,"3":26,"4":25,"5":4,"6":21,"7":21,"8":14,"9":8,"10":5,"11":5,"12":4,"13":1,"14":3,"15":3,"16":2,"17":2,"18":3,"19":3,"20":3,"21":1,"22":2,"23":2,"24":2,"25":0,"26":5,"27":5,"28":5,"29":1,"30":4,"31":4,"32":3,"33":1,"34":33,"35":33,"36":33,"37":3,"38":30,"39":2,"40":28,"41":28,"42":28,"43":0,"44":4,"45":4,"46":3,"47":3,"48":1,"49":3,"50":3,"51":2,"52":2,"53":1,"54":12,"55":12,"56":12,"57":1,"58":11,"59":11,"60":10,"61":1,"62":3,"63":3,"64":2,"65":2,"66":1,"67":3},"f":{"0":26,"1":5,"2":3,"3":5,"4":33,"5":4,"6":3,"7":2,"8":12,"9":3},"b":{"0":[4,21],"1":[25,23],"2":[1,3],"3":[4,4],"4":[1,2],"5":[3,2],"6":[1,4],"7":[5,5],"8":[3,30],"9":[33,31],"10":[2,28],"11":[30,29,27],"12":[1,11]},"_coverageSchema":"1a1c01bbd47fc00a2c39e90264f33305004495a9","hash":"8180d37144c1577f696e9221711df300f55fa7b0"}
,"C:\\Users\\ARGENIS\\Desktop\\proyecto-crud\\controllers\\userController.js": {"path":"C:\\Users\\ARGENIS\\Desktop\\proyecto-crud\\controllers\\userController.js","statementMap":{"0":{"start":{"line":1,"column":27},"end":{"line":1,"column":52}},"1":{"start":{"line":2,"column":28},"end":{"line":2,"column":63}},"2":{"start":{"line":13,"column":4},"end":{"line":52,"column":5}},"3":{"start":{"line":14,"column":40},"end":{"line":14,"column":48}},"4":{"start":{"line":16,"column":19},"end":{"line":16,"column":67}},"5":{"start":{"line":19,"column":6},"end":{"line":39,"column":7}},"6":{"start":{"line":20,"column":8},"end":{"line":32,"column":9}},"7":{"start":{"line":21,"column":31},"end":{"line":21,"column":54}},"8":{"start":{"line":22,"column":10},"end":{"line":28,"column":13}},"9":{"start":{"line":29,"column":10},"end":{"line":29,"column":55}},"10":{"start":{"line":31,"column":10},"end":{"line":31,"column":79}},"11":{"start":{"line":34,"column":8},"end":{"line":37,"column":10}},"12":{"start":{"line":41,"column":6},"end":{"line":45,"column":9}},"13":{"start":{"line":47,"column":6},"end":{"line":51,"column":9}},"14":{"start":{"line":60,"column":4},"end":{"line":75,"column":5}},"15":{"start":{"line":61,"column":20},"end":{"line":61,"column":44}},"16":{"start":{"line":63,"column":6},"end":{"line":68,"column":9}},"17":{"start":{"line":66,"column":34},"end":{"line":66,"column":47}},"18":{"start":{"line":70,"column":6},"end":{"line":74,"column":9}},"19":{"start":{"line":83,"column":4},"end":{"line":106,"column":5}},"20":{"start":{"line":84,"column":21},"end":{"line":84,"column":31}},"21":{"start":{"line":86,"column":19},"end":{"line":86,"column":46}},"22":{"start":{"line":88,"column":6},"end":{"line":93,"column":7}},"23":{"start":{"line":89,"column":8},"end":{"line":92,"column":11}},"24":{"start":{"line":95,"column":6},"end":{"line":99,"column":9}},"25":{"start":{"line":101,"column":6},"end":{"line":105,"column":9}},"26":{"start":{"line":114,"column":4},"end":{"line":142,"column":5}},"27":{"start":{"line":115,"column":21},"end":{"line":115,"column":31}},"28":{"start":{"line":116,"column":25},"end":{"line":116,"column":33}},"29":{"start":{"line":119,"column":6},"end":{"line":119,"column":27}},"30":{"start":{"line":120,"column":6},"end":{"line":120,"column":34}},"31":{"start":{"line":122,"column":19},"end":{"line":122,"column":56}},"32":{"start":{"line":124,"column":6},"end":{"line":129,"column":7}},"33":{"start":{"line":125,"column":8},"end":{"line":128,"column":11}},"34":{"start":{"line":131,"column":6},"end":{"line":135,"column":9}},"35":{"start":{"line":137,"column":6},"end":{"line":141,"column":9}},"36":{"start":{"line":150,"column":4},"end":{"line":178,"column":5}},"37":{"start":{"line":151,"column":21},"end":{"line":151,"column":31}},"38":{"start":{"line":152,"column":25},"end":{"line":152,"column":33}},"39":{"start":{"line":155,"column":6},"end":{"line":155,"column":27}},"40":{"start":{"line":156,"column":6},"end":{"line":156,"column":34}},"41":{"start":{"line":158,"column":19},"end":{"line":158,"column":56}},"42":{"start":{"line":160,"column":6},"end":{"line":165,"column":7}},"43":{"start":{"line":161,"column":8},"end":{"line":164,"column":11}},"44":{"start":{"line":167,"column":6},"end":{"line":171,"column":9}},"45":{"start":{"line":173,"column":6},"end":{"line":177,"column":9}},"46":{"start":{"line":186,"column":4},"end":{"line":208,"column":5}},"47":{"start":{"line":187,"column":21},"end":{"line":187,"column":31}},"48":{"start":{"line":189,"column":22},"end":{"line":189,"column":47}},"49":{"start":{"line":191,"column":6},"end":{"line":196,"column":7}},"50":{"start":{"line":192,"column":8},"end":{"line":195,"column":11}},"51":{"start":{"line":198,"column":6},"end":{"line":201,"column":9}},"52":{"start":{"line":203,"column":6},"end":{"line":207,"column":9}},"53":{"start":{"line":216,"column":4},"end":{"line":239,"column":5}},"54":{"start":{"line":217,"column":24},"end":{"line":217,"column":34}},"55":{"start":{"line":219,"column":19},"end":{"line":219,"column":52}},"56":{"start":{"line":221,"column":6},"end":{"line":226,"column":7}},"57":{"start":{"line":222,"column":8},"end":{"line":225,"column":11}},"58":{"start":{"line":228,"column":6},"end":{"line":232,"column":9}},"59":{"start":{"line":234,"column":6},"end":{"line":238,"column":9}},"60":{"start":{"line":247,"column":4},"end":{"line":275,"column":5}},"61":{"start":{"line":248,"column":20},"end":{"line":248,"column":44}},"62":{"start":{"line":250,"column":20},"end":{"line":262,"column":7}},"63":{"start":{"line":253,"column":24},"end":{"line":253,"column":49}},"64":{"start":{"line":254,"column":27},"end":{"line":254,"column":66}},"65":{"start":{"line":255,"column":10},"end":{"line":255,"column":36}},"66":{"start":{"line":258,"column":26},"end":{"line":258,"column":36}},"67":{"start":{"line":259,"column":10},"end":{"line":259,"column":49}},"68":{"start":{"line":260,"column":10},"end":{"line":260,"column":53}},"69":{"start":{"line":264,"column":6},"end":{"line":268,"column":9}},"70":{"start":{"line":270,"column":6},"end":{"line":274,"column":9}},"71":{"start":{"line":279,"column":0},"end":{"line":279,"column":32}}},"fnMap":{"0":{"name":"(anonymous_0)","decl":{"start":{"line":12,"column":2},"end":{"line":12,"column":3}},"loc":{"start":{"line":12,"column":32},"end":{"line":53,"column":3}},"line":12},"1":{"name":"(anonymous_1)","decl":{"start":{"line":59,"column":2},"end":{"line":59,"column":3}},"loc":{"start":{"line":59,"column":32},"end":{"line":76,"column":3}},"line":59},"2":{"name":"(anonymous_2)","decl":{"start":{"line":66,"column":24},"end":{"line":66,"column":25}},"loc":{"start":{"line":66,"column":34},"end":{"line":66,"column":47}},"line":66},"3":{"name":"(anonymous_3)","decl":{"start":{"line":82,"column":2},"end":{"line":82,"column":3}},"loc":{"start":{"line":82,"column":33},"end":{"line":107,"column":3}},"line":82},"4":{"name":"(anonymous_4)","decl":{"start":{"line":113,"column":2},"end":{"line":113,"column":3}},"loc":{"start":{"line":113,"column":32},"end":{"line":143,"column":3}},"line":113},"5":{"name":"(anonymous_5)","decl":{"start":{"line":149,"column":2},"end":{"line":149,"column":3}},"loc":{"start":{"line":149,"column":39},"end":{"line":179,"column":3}},"line":149},"6":{"name":"(anonymous_6)","decl":{"start":{"line":185,"column":2},"end":{"line":185,"column":3}},"loc":{"start":{"line":185,"column":32},"end":{"line":209,"column":3}},"line":185},"7":{"name":"(anonymous_7)","decl":{"start":{"line":215,"column":2},"end":{"line":215,"column":3}},"loc":{"start":{"line":215,"column":37},"end":{"line":240,"column":3}},"line":215},"8":{"name":"(anonymous_8)","decl":{"start":{"line":246,"column":2},"end":{"line":246,"column":3}},"loc":{"start":{"line":246,"column":34},"end":{"line":276,"column":3}},"line":246},"9":{"name":"(anonymous_9)","decl":{"start":{"line":252,"column":40},"end":{"line":252,"column":41}},"loc":{"start":{"line":252,"column":50},"end":{"line":256,"column":9}},"line":252},"10":{"name":"(anonymous_10)","decl":{"start":{"line":257,"column":43},"end":{"line":257,"column":44}},"loc":{"start":{"line":257,"column":53},"end":{"line":261,"column":9}},"line":257}},"branchMap":{"0":{"loc":{"start":{"line":20,"column":8},"end":{"line":32,"column":9}},"type":"if","locations":[{"start":{"line":20,"column":8},"end":{"line":32,"column":9}},{"start":{"line":30,"column":15},"end":{"line":32,"column":9}}],"line":20},"1":{"loc":{"start":{"line":20,"column":12},"end":{"line":20,"column":68}},"type":"binary-expr","locations":[{"start":{"line":20,"column":12},"end":{"line":20,"column":34}},{"start":{"line":20,"column":38},"end":{"line":20,"column":68}}],"line":20},"2":{"loc":{"start":{"line":88,"column":6},"end":{"line":93,"column":7}},"type":"if","locations":[{"start":{"line":88,"column":6},"end":{"line":93,"column":7}},{"start":{},"end":{}}],"line":88},"3":{"loc":{"start":{"line":124,"column":6},"end":{"line":129,"column":7}},"type":"if","locations":[{"start":{"line":124,"column":6},"end":{"line":129,"column":7}},{"start":{},"end":{}}],"line":124},"4":{"loc":{"start":{"line":160,"column":6},"end":{"line":165,"column":7}},"type":"if","locations":[{"start":{"line":160,"column":6},"end":{"line":165,"column":7}},{"start":{},"end":{}}],"line":160},"5":{"loc":{"start":{"line":191,"column":6},"end":{"line":196,"column":7}},"type":"if","locations":[{"start":{"line":191,"column":6},"end":{"line":196,"column":7}},{"start":{},"end":{}}],"line":191},"6":{"loc":{"start":{"line":221,"column":6},"end":{"line":226,"column":7}},"type":"if","locations":[{"start":{"line":221,"column":6},"end":{"line":226,"column":7}},{"start":{},"end":{}}],"line":221}},"s":{"0":1,"1":1,"2":57,"3":57,"4":57,"5":56,"6":56,"7":0,"8":0,"9":0,"10":56,"11":0,"12":56,"13":1,"14":8,"15":8,"16":8,"17":13,"18":0,"19":10,"20":10,"21":10,"22":10,"23":5,"24":5,"25":0,"26":6,"27":6,"28":6,"29":6,"30":6,"31":6,"32":5,"33":1,"34":4,"35":1,"36":6,"37":6,"38":6,"39":6,"40":6,"41":6,"42":6,"43":1,"44":5,"45":0,"46":6,"47":6,"48":6,"49":6,"50":2,"51":4,"52":0,"53":5,"54":5,"55":5,"56":5,"57":3,"58":2,"59":0,"60":5,"61":5,"62":5,"63":4,"64":4,"65":4,"66":4,"67":4,"68":4,"69":5,"70":0,"71":1},"f":{"0":57,"1":8,"2":13,"3":10,"4":6,"5":6,"6":6,"7":5,"8":5,"9":4,"10":4},"b":{"0":[0,56],"1":[56,0],"2":[5,5],"3":[1,4],"4":[1,5],"5":[2,4],"6":[3,2]},"_coverageSchema":"1a1c01bbd47fc00a2c39e90264f33305004495a9","hash":"e56dd1ce9340ac600ba3dd14ace85cff3be56562"}
,"C:\\Users\\ARGENIS\\Desktop\\proyecto-crud\\middleware\\validation.js": {"path":"C:\\Users\\ARGENIS\\Desktop\\proyecto-crud\\middleware\\validation.js","statementMap":{"0":{"start":{"line":1,"column":17},"end":{"line":1,"column":42}},"1":{"start":{"line":10,"column":21},"end":{"line":46,"column":1}},"2":{"start":{"line":11,"column":2},"end":{"line":45,"column":3}},"3":{"start":{"line":12,"column":38},"end":{"line":12,"column":46}},"4":{"start":{"line":15,"column":4},"end":{"line":21,"column":5}},"5":{"start":{"line":16,"column":6},"end":{"line":20,"column":9}},"6":{"start":{"line":24,"column":23},"end":{"line":24,"column":63}},"7":{"start":{"line":26,"column":4},"end":{"line":32,"column":5}},"8":{"start":{"line":27,"column":6},"end":{"line":31,"column":9}},"9":{"start":{"line":35,"column":4},"end":{"line":35,"column":32}},"10":{"start":{"line":36,"column":4},"end":{"line":36,"column":48}},"11":{"start":{"line":38,"column":4},"end":{"line":38,"column":11}},"12":{"start":{"line":40,"column":4},"end":{"line":44,"column":7}},"13":{"start":{"line":51,"column":27},"end":{"line":96,"column":1}},"14":{"start":{"line":52,"column":2},"end":{"line":95,"column":3}},"15":{"start":{"line":53,"column":23},"end":{"line":53,"column":31}},"16":{"start":{"line":56,"column":26},"end":{"line":56,"column":55}},"17":{"start":{"line":57,"column":27},"end":{"line":59,"column":5}},"18":{"start":{"line":58,"column":6},"end":{"line":58,"column":33}},"19":{"start":{"line":61,"column":4},"end":{"line":67,"column":5}},"20":{"start":{"line":62,"column":6},"end":{"line":66,"column":9}},"21":{"start":{"line":70,"column":23},"end":{"line":70,"column":54}},"22":{"start":{"line":72,"column":4},"end":{"line":78,"column":5}},"23":{"start":{"line":73,"column":6},"end":{"line":77,"column":9}},"24":{"start":{"line":81,"column":4},"end":{"line":83,"column":5}},"25":{"start":{"line":82,"column":6},"end":{"line":82,"column":45}},"26":{"start":{"line":84,"column":4},"end":{"line":86,"column":5}},"27":{"start":{"line":85,"column":6},"end":{"line":85,"column":61}},"28":{"start":{"line":88,"column":4},"end":{"line":88,"column":11}},"29":{"start":{"line":90,"column":4},"end":{"line":94,"column":7}},"30":{"start":{"line":101,"column":19},"end":{"line":131,"column":1}},"31":{"start":{"line":102,"column":2},"end":{"line":130,"column":3}},"32":{"start":{"line":103,"column":19},"end":{"line":103,"column":29}},"33":{"start":{"line":105,"column":4},"end":{"line":110,"column":5}},"34":{"start":{"line":106,"column":6},"end":{"line":109,"column":9}},"35":{"start":{"line":114,"column":6},"end":{"line":114,"column":82}},"36":{"start":{"line":115,"column":4},"end":{"line":121,"column":5}},"37":{"start":{"line":116,"column":6},"end":{"line":120,"column":9}},"38":{"start":{"line":123,"column":4},"end":{"line":123,"column":11}},"39":{"start":{"line":125,"column":4},"end":{"line":129,"column":7}},"40":{"start":{"line":136,"column":22},"end":{"line":163,"column":1}},"41":{"start":{"line":137,"column":2},"end":{"line":162,"column":3}},"42":{"start":{"line":138,"column":22},"end":{"line":138,"column":32}},"43":{"start":{"line":140,"column":4},"end":{"line":145,"column":5}},"44":{"start":{"line":141,"column":6},"end":{"line":144,"column":9}},"45":{"start":{"line":147,"column":23},"end":{"line":147,"column":51}},"46":{"start":{"line":148,"column":4},"end":{"line":153,"column":5}},"47":{"start":{"line":149,"column":6},"end":{"line":152,"column":9}},"48":{"start":{"line":155,"column":4},"end":{"line":155,"column":11}},"49":{"start":{"line":157,"column":4},"end":{"line":161,"column":7}},"50":{"start":{"line":168,"column":21},"end":{"line":178,"column":1}},"51":{"start":{"line":169,"column":2},"end":{"line":176,"column":3}},"52":{"start":{"line":170,"column":4},"end":{"line":175,"column":5}},"53":{"start":{"line":171,"column":6},"end":{"line":174,"column":9}},"54":{"start":{"line":177,"column":2},"end":{"line":177,"column":9}},"55":{"start":{"line":183,"column":22},"end":{"line":203,"column":1}},"56":{"start":{"line":184,"column":2},"end":{"line":202,"column":3}},"57":{"start":{"line":186,"column":4},"end":{"line":193,"column":5}},"58":{"start":{"line":187,"column":6},"end":{"line":192,"column":9}},"59":{"start":{"line":188,"column":8},"end":{"line":191,"column":9}},"60":{"start":{"line":190,"column":10},"end":{"line":190,"column":68}},"61":{"start":{"line":195,"column":4},"end":{"line":195,"column":11}},"62":{"start":{"line":197,"column":4},"end":{"line":201,"column":7}},"63":{"start":{"line":208,"column":21},"end":{"line":227,"column":1}},"64":{"start":{"line":209,"column":2},"end":{"line":209,"column":31}},"65":{"start":{"line":212,"column":2},"end":{"line":218,"column":3}},"66":{"start":{"line":213,"column":4},"end":{"line":217,"column":7}},"67":{"start":{"line":221,"column":2},"end":{"line":226,"column":5}},"68":{"start":{"line":232,"column":22},"end":{"line":236,"column":1}},"69":{"start":{"line":233,"column":20},"end":{"line":233,"column":44}},"70":{"start":{"line":234,"column":2},"end":{"line":234,"column":74}},"71":{"start":{"line":235,"column":2},"end":{"line":235,"column":9}},"72":{"start":{"line":238,"column":0},"end":{"line":247,"column":2}}},"fnMap":{"0":{"name":"(anonymous_0)","decl":{"start":{"line":10,"column":21},"end":{"line":10,"column":22}},"loc":{"start":{"line":10,"column":41},"end":{"line":46,"column":1}},"line":10},"1":{"name":"(anonymous_1)","decl":{"start":{"line":51,"column":27},"end":{"line":51,"column":28}},"loc":{"start":{"line":51,"column":47},"end":{"line":96,"column":1}},"line":51},"2":{"name":"(anonymous_2)","decl":{"start":{"line":57,"column":58},"end":{"line":57,"column":59}},"loc":{"start":{"line":58,"column":6},"end":{"line":58,"column":33}},"line":58},"3":{"name":"(anonymous_3)","decl":{"start":{"line":101,"column":19},"end":{"line":101,"column":20}},"loc":{"start":{"line":101,"column":39},"end":{"line":131,"column":1}},"line":101},"4":{"name":"(anonymous_4)","decl":{"start":{"line":136,"column":22},"end":{"line":136,"column":23}},"loc":{"start":{"line":136,"column":42},"end":{"line":163,"column":1}},"line":136},"5":{"name":"(anonymous_5)","decl":{"start":{"line":168,"column":21},"end":{"line":168,"column":22}},"loc":{"start":{"line":168,"column":41},"end":{"line":178,"column":1}},"line":168},"6":{"name":"(anonymous_6)","decl":{"start":{"line":183,"column":22},"end":{"line":183,"column":23}},"loc":{"start":{"line":183,"column":42},"end":{"line":203,"column":1}},"line":183},"7":{"name":"(anonymous_7)","decl":{"start":{"line":187,"column":36},"end":{"line":187,"column":37}},"loc":{"start":{"line":187,"column":45},"end":{"line":192,"column":7}},"line":187},"8":{"name":"(anonymous_8)","decl":{"start":{"line":208,"column":21},"end":{"line":208,"column":22}},"loc":{"start":{"line":208,"column":46},"end":{"line":227,"column":1}},"line":208},"9":{"name":"(anonymous_9)","decl":{"start":{"line":232,"column":22},"end":{"line":232,"column":23}},"loc":{"start":{"line":232,"column":42},"end":{"line":236,"column":1}},"line":232}},"branchMap":{"0":{"loc":{"start":{"line":15,"column":4},"end":{"line":21,"column":5}},"type":"if","locations":[{"start":{"line":15,"column":4},"end":{"line":21,"column":5}},{"start":{},"end":{}}],"line":15},"1":{"loc":{"start":{"line":15,"column":8},"end":{"line":15,"column":36}},"type":"binary-expr","locations":[{"start":{"line":15,"column":8},"end":{"line":15,"column":13}},{"start":{"line":15,"column":17},"end":{"line":15,"column":23}},{"start":{"line":15,"column":27},"end":{"line":15,"column":36}}],"line":15},"2":{"loc":{"start":{"line":26,"column":4},"end":{"line":32,"column":5}},"type":"if","locations":[{"start":{"line":26,"column":4},"end":{"line":32,"column":5}},{"start":{},"end":{}}],"line":26},"3":{"loc":{"start":{"line":61,"column":4},"end":{"line":67,"column":5}},"type":"if","locations":[{"start":{"line":61,"column":4},"end":{"line":67,"column":5}},{"start":{},"end":{}}],"line":61},"4":{"loc":{"start":{"line":72,"column":4},"end":{"line":78,"column":5}},"type":"if","locations":[{"start":{"line":72,"column":4},"end":{"line":78,"column":5}},{"start":{},"end":{}}],"line":72},"5":{"loc":{"start":{"line":81,"column":4},"end":{"line":83,"column":5}},"type":"if","locations":[{"start":{"line":81,"column":4},"end":{"line":83,"column":5}},{"start":{},"end":{}}],"line":81},"6":{"loc":{"start":{"line":84,"column":4},"end":{"line":86,"column":5}},"type":"if","locations":[{"start":{"line":84,"column":4},"end":{"line":86,"column":5}},{"start":{},"end":{}}],"line":84},"7":{"loc":{"start":{"line":105,"column":4},"end":{"line":110,"column":5}},"type":"if","locations":[{"start":{"line":105,"column":4},"end":{"line":110,"column":5}},{"start":{},"end":{}}],"line":105},"8":{"loc":{"start":{"line":115,"column":4},"end":{"line":121,"column":5}},"type":"if","locations":[{"start":{"line":115,"column":4},"end":{"line":121,"column":5}},{"start":{},"end":{}}],"line":115},"9":{"loc":{"start":{"line":140,"column":4},"end":{"line":145,"column":5}},"type":"if","locations":[{"start":{"line":140,"column":4},"end":{"line":145,"column":5}},{"start":{},"end":{}}],"line":140},"10":{"loc":{"start":{"line":148,"column":4},"end":{"line":153,"column":5}},"type":"if","locations":[{"start":{"line":148,"column":4},"end":{"line":153,"column":5}},{"start":{},"end":{}}],"line":148},"11":{"loc":{"start":{"line":169,"column":2},"end":{"line":176,"column":3}},"type":"if","locations":[{"start":{"line":169,"column":2},"end":{"line":176,"column":3}},{"start":{},"end":{}}],"line":169},"12":{"loc":{"start":{"line":169,"column":6},"end":{"line":169,"column":77}},"type":"binary-expr","locations":[{"start":{"line":169,"column":6},"end":{"line":169,"column":27}},{"start":{"line":169,"column":31},"end":{"line":169,"column":51}},{"start":{"line":169,"column":55},"end":{"line":169,"column":77}}],"line":169},"13":{"loc":{"start":{"line":170,"column":4},"end":{"line":175,"column":5}},"type":"if","locations":[{"start":{"line":170,"column":4},"end":{"line":175,"column":5}},{"start":{},"end":{}}],"line":170},"14":{"loc":{"start":{"line":186,"column":4},"end":{"line":193,"column":5}},"type":"if","locations":[{"start":{"line":186,"column":4},"end":{"line":193,"column":5}},{"start":{},"end":{}}],"line":186},"15":{"loc":{"start":{"line":186,"column":8},"end":{"line":186,"column":48}},"type":"binary-expr","locations":[{"start":{"line":186,"column":8},"end":{"line":186,"column":16}},{"start":{"line":186,"column":20},"end":{"line":186,"column":48}}],"line":186},"16":{"loc":{"start":{"line":188,"column":8},"end":{"line":191,"column":9}},"type":"if","locations":[{"start":{"line":188,"column":8},"end":{"line":191,"column":9}},{"start":{},"end":{}}],"line":188},"17":{"loc":{"start":{"line":212,"column":2},"end":{"line":218,"column":3}},"type":"if","locations":[{"start":{"line":212,"column":2},"end":{"line":218,"column":3}},{"start":{},"end":{}}],"line":212},"18":{"loc":{"start":{"line":212,"column":6},"end":{"line":212,"column":71}},"type":"binary-expr","locations":[{"start":{"line":212,"column":6},"end":{"line":212,"column":32}},{"start":{"line":212,"column":36},"end":{"line":212,"column":54}},{"start":{"line":212,"column":58},"end":{"line":212,"column":71}}],"line":212},"19":{"loc":{"start":{"line":225,"column":6},"end":{"line":225,"column":76}},"type":"cond-expr","locations":[{"start":{"line":225,"column":47},"end":{"line":225,"column":58}},{"start":{"line":225,"column":61},"end":{"line":225,"column":76}}],"line":225}},"s":{"0":1,"1":1,"2":70,"3":70,"4":70,"5":0,"6":70,"7":70,"8":13,"9":57,"10":57,"11":57,"12":0,"13":1,"14":15,"15":15,"16":15,"17":15,"18":21,"19":15,"20":1,"21":14,"22":14,"23":2,"24":12,"25":9,"26":12,"27":4,"28":12,"29":0,"30":1,"31":33,"32":33,"33":33,"34":0,"35":33,"36":33,"37":2,"38":31,"39":0,"40":1,"41":0,"42":0,"43":0,"44":0,"45":0,"46":0,"47":0,"48":0,"49":0,"50":1,"51":123,"52":87,"53":2,"54":121,"55":1,"56":121,"57":121,"58":121,"59":228,"60":225,"61":121,"62":0,"63":1,"64":1,"65":1,"66":1,"67":0,"68":1,"69":123,"70":123,"71":123,"72":1},"f":{"0":70,"1":15,"2":21,"3":33,"4":0,"5":123,"6":121,"7":228,"8":1,"9":123},"b":{"0":[0,70],"1":[70,4,0],"2":[13,57],"3":[1,14],"4":[2,12],"5":[9,3],"6":[4,8],"7":[0,33],"8":[2,31],"9":[0,0],"10":[0,0],"11":[87,36],"12":[123,51,44],"13":[2,85],"14":[121,0],"15":[121,121],"16":[225,3],"17":[1,0],"18":[1,1,1],"19":[0,0]},"_coverageSchema":"1a1c01bbd47fc00a2c39e90264f33305004495a9","hash":"1c2726f6cf82ce7e6a352e35e2509b5f238a51fe"}
,"C:\\Users\\ARGENIS\\Desktop\\proyecto-crud\\models\\User.js": {"path":"C:\\Users\\ARGENIS\\Desktop\\proyecto-crud\\models\\User.js","statementMap":{"0":{"start":{"line":1,"column":23},"end":{"line":1,"column":38}},"1":{"start":{"line":8,"column":4},"end":{"line":8,"column":29}},"2":{"start":{"line":9,"column":4},"end":{"line":9,"column":21}},"3":{"start":{"line":10,"column":4},"end":{"line":10,"column":23}},"4":{"start":{"line":11,"column":4},"end":{"line":11,"column":29}},"5":{"start":{"line":12,"column":4},"end":{"line":12,"column":59}},"6":{"start":{"line":19,"column":19},"end":{"line":19,"column":21}},"7":{"start":{"line":22,"column":4},"end":{"line":28,"column":5}},"8":{"start":{"line":23,"column":6},"end":{"line":23,"column":75}},"9":{"start":{"line":24,"column":11},"end":{"line":28,"column":5}},"10":{"start":{"line":25,"column":6},"end":{"line":25,"column":64}},"11":{"start":{"line":26,"column":11},"end":{"line":28,"column":5}},"12":{"start":{"line":27,"column":6},"end":{"line":27,"column":66}},"13":{"start":{"line":31,"column":4},"end":{"line":38,"column":5}},"14":{"start":{"line":32,"column":6},"end":{"line":32,"column":43}},"15":{"start":{"line":34,"column":25},"end":{"line":34,"column":53}},"16":{"start":{"line":35,"column":6},"end":{"line":37,"column":7}},"17":{"start":{"line":36,"column":8},"end":{"line":36,"column":57}},"18":{"start":{"line":41,"column":4},"end":{"line":47,"column":5}},"19":{"start":{"line":42,"column":6},"end":{"line":42,"column":48}},"20":{"start":{"line":43,"column":11},"end":{"line":47,"column":5}},"21":{"start":{"line":44,"column":6},"end":{"line":44,"column":68}},"22":{"start":{"line":45,"column":11},"end":{"line":47,"column":5}},"23":{"start":{"line":46,"column":6},"end":{"line":46,"column":71}},"24":{"start":{"line":49,"column":4},"end":{"line":52,"column":6}},"25":{"start":{"line":59,"column":19},"end":{"line":59,"column":21}},"26":{"start":{"line":62,"column":4},"end":{"line":70,"column":5}},"27":{"start":{"line":63,"column":6},"end":{"line":69,"column":7}},"28":{"start":{"line":64,"column":8},"end":{"line":64,"column":62}},"29":{"start":{"line":65,"column":13},"end":{"line":69,"column":7}},"30":{"start":{"line":66,"column":8},"end":{"line":66,"column":66}},"31":{"start":{"line":67,"column":13},"end":{"line":69,"column":7}},"32":{"start":{"line":68,"column":8},"end":{"line":68,"column":68}},"33":{"start":{"line":73,"column":4},"end":{"line":82,"column":5}},"34":{"start":{"line":74,"column":6},"end":{"line":81,"column":7}},"35":{"start":{"line":75,"column":8},"end":{"line":75,"column":61}},"36":{"start":{"line":77,"column":27},"end":{"line":77,"column":55}},"37":{"start":{"line":78,"column":8},"end":{"line":80,"column":9}},"38":{"start":{"line":79,"column":10},"end":{"line":79,"column":59}},"39":{"start":{"line":85,"column":4},"end":{"line":93,"column":5}},"40":{"start":{"line":86,"column":6},"end":{"line":92,"column":7}},"41":{"start":{"line":87,"column":8},"end":{"line":87,"column":66}},"42":{"start":{"line":88,"column":13},"end":{"line":92,"column":7}},"43":{"start":{"line":89,"column":8},"end":{"line":89,"column":70}},"44":{"start":{"line":90,"column":13},"end":{"line":92,"column":7}},"45":{"start":{"line":91,"column":8},"end":{"line":91,"column":73}},"46":{"start":{"line":95,"column":4},"end":{"line":98,"column":6}},"47":{"start":{"line":105,"column":4},"end":{"line":111,"column":6}},"48":{"start":{"line":118,"column":4},"end":{"line":124,"column":6}},"49":{"start":{"line":131,"column":4},"end":{"line":131,"column":20}},"50":{"start":{"line":138,"column":23},"end":{"line":138,"column":46}},"51":{"start":{"line":139,"column":4},"end":{"line":141,"column":5}},"52":{"start":{"line":140,"column":6},"end":{"line":140,"column":74}},"53":{"start":{"line":144,"column":4},"end":{"line":146,"column":5}},"54":{"start":{"line":145,"column":6},"end":{"line":145,"column":53}},"55":{"start":{"line":148,"column":17},"end":{"line":148,"column":35}},"56":{"start":{"line":149,"column":4},"end":{"line":149,"column":26}},"57":{"start":{"line":150,"column":4},"end":{"line":150,"column":16}},"58":{"start":{"line":157,"column":4},"end":{"line":157,"column":22}},"59":{"start":{"line":164,"column":4},"end":{"line":164,"column":53}},"60":{"start":{"line":164,"column":37},"end":{"line":164,"column":51}},"61":{"start":{"line":171,"column":4},"end":{"line":171,"column":59}},"62":{"start":{"line":171,"column":37},"end":{"line":171,"column":57}},"63":{"start":{"line":178,"column":23},"end":{"line":178,"column":54}},"64":{"start":{"line":179,"column":4},"end":{"line":181,"column":5}},"65":{"start":{"line":180,"column":6},"end":{"line":180,"column":74}},"66":{"start":{"line":183,"column":22},"end":{"line":183,"column":68}},"67":{"start":{"line":183,"column":53},"end":{"line":183,"column":67}},"68":{"start":{"line":184,"column":4},"end":{"line":186,"column":5}},"69":{"start":{"line":185,"column":6},"end":{"line":185,"column":18}},"70":{"start":{"line":189,"column":4},"end":{"line":194,"column":5}},"71":{"start":{"line":190,"column":27},"end":{"line":190,"column":61}},"72":{"start":{"line":191,"column":6},"end":{"line":193,"column":7}},"73":{"start":{"line":192,"column":8},"end":{"line":192,"column":55}},"74":{"start":{"line":197,"column":17},"end":{"line":197,"column":38}},"75":{"start":{"line":198,"column":4},"end":{"line":202,"column":7}},"76":{"start":{"line":199,"column":6},"end":{"line":201,"column":7}},"77":{"start":{"line":200,"column":8},"end":{"line":200,"column":36}},"78":{"start":{"line":204,"column":4},"end":{"line":204,"column":16}},"79":{"start":{"line":211,"column":22},"end":{"line":211,"column":68}},"80":{"start":{"line":211,"column":53},"end":{"line":211,"column":67}},"81":{"start":{"line":212,"column":4},"end":{"line":214,"column":5}},"82":{"start":{"line":213,"column":6},"end":{"line":213,"column":19}},"83":{"start":{"line":216,"column":4},"end":{"line":216,"column":36}},"84":{"start":{"line":217,"column":4},"end":{"line":217,"column":16}},"85":{"start":{"line":222,"column":23},"end":{"line":222,"column":43}},"86":{"start":{"line":224,"column":0},"end":{"line":228,"column":2}}},"fnMap":{"0":{"name":"(anonymous_0)","decl":{"start":{"line":7,"column":2},"end":{"line":7,"column":3}},"loc":{"start":{"line":7,"column":70},"end":{"line":13,"column":3}},"line":7},"1":{"name":"(anonymous_1)","decl":{"start":{"line":18,"column":2},"end":{"line":18,"column":3}},"loc":{"start":{"line":18,"column":28},"end":{"line":53,"column":3}},"line":18},"2":{"name":"(anonymous_2)","decl":{"start":{"line":58,"column":2},"end":{"line":58,"column":3}},"loc":{"start":{"line":58,"column":34},"end":{"line":99,"column":3}},"line":58},"3":{"name":"(anonymous_3)","decl":{"start":{"line":104,"column":2},"end":{"line":104,"column":3}},"loc":{"start":{"line":104,"column":11},"end":{"line":112,"column":3}},"line":104},"4":{"name":"(anonymous_4)","decl":{"start":{"line":117,"column":2},"end":{"line":117,"column":3}},"loc":{"start":{"line":117,"column":13},"end":{"line":125,"column":3}},"line":117},"5":{"name":"(anonymous_5)","decl":{"start":{"line":130,"column":2},"end":{"line":130,"column":3}},"loc":{"start":{"line":130,"column":16},"end":{"line":132,"column":3}},"line":130},"6":{"name":"(anonymous_6)","decl":{"start":{"line":137,"column":2},"end":{"line":137,"column":3}},"loc":{"start":{"line":137,"column":19},"end":{"line":151,"column":3}},"line":137},"7":{"name":"(anonymous_7)","decl":{"start":{"line":156,"column":2},"end":{"line":156,"column":3}},"loc":{"start":{"line":156,"column":12},"end":{"line":158,"column":3}},"line":156},"8":{"name":"(anonymous_8)","decl":{"start":{"line":163,"column":2},"end":{"line":163,"column":3}},"loc":{"start":{"line":163,"column":15},"end":{"line":165,"column":3}},"line":163},"9":{"name":"(anonymous_9)","decl":{"start":{"line":164,"column":27},"end":{"line":164,"column":28}},"loc":{"start":{"line":164,"column":37},"end":{"line":164,"column":51}},"line":164},"10":{"name":"(anonymous_10)","decl":{"start":{"line":170,"column":2},"end":{"line":170,"column":3}},"loc":{"start":{"line":170,"column":21},"end":{"line":172,"column":3}},"line":170},"11":{"name":"(anonymous_11)","decl":{"start":{"line":171,"column":27},"end":{"line":171,"column":28}},"loc":{"start":{"line":171,"column":37},"end":{"line":171,"column":57}},"line":171},"12":{"name":"(anonymous_12)","decl":{"start":{"line":177,"column":2},"end":{"line":177,"column":3}},"loc":{"start":{"line":177,"column":25},"end":{"line":205,"column":3}},"line":177},"13":{"name":"(anonymous_13)","decl":{"start":{"line":183,"column":43},"end":{"line":183,"column":44}},"loc":{"start":{"line":183,"column":53},"end":{"line":183,"column":67}},"line":183},"14":{"name":"(anonymous_14)","decl":{"start":{"line":198,"column":36},"end":{"line":198,"column":37}},"loc":{"start":{"line":198,"column":45},"end":{"line":202,"column":5}},"line":198},"15":{"name":"(anonymous_15)","decl":{"start":{"line":210,"column":2},"end":{"line":210,"column":3}},"loc":{"start":{"line":210,"column":13},"end":{"line":218,"column":3}},"line":210},"16":{"name":"(anonymous_16)","decl":{"start":{"line":211,"column":43},"end":{"line":211,"column":44}},"loc":{"start":{"line":211,"column":53},"end":{"line":211,"column":67}},"line":211}},"branchMap":{"0":{"loc":{"start":{"line":7,"column":16},"end":{"line":7,"column":25}},"type":"default-arg","locations":[{"start":{"line":7,"column":21},"end":{"line":7,"column":25}}],"line":7},"1":{"loc":{"start":{"line":7,"column":50},"end":{"line":7,"column":66}},"type":"default-arg","locations":[{"start":{"line":7,"column":62},"end":{"line":7,"column":66}}],"line":7},"2":{"loc":{"start":{"line":8,"column":14},"end":{"line":8,"column":28}},"type":"binary-expr","locations":[{"start":{"line":8,"column":14},"end":{"line":8,"column":16}},{"start":{"line":8,"column":20},"end":{"line":8,"column":28}}],"line":8},"3":{"loc":{"start":{"line":12,"column":21},"end":{"line":12,"column":58}},"type":"binary-expr","locations":[{"start":{"line":12,"column":21},"end":{"line":12,"column":30}},{"start":{"line":12,"column":34},"end":{"line":12,"column":58}}],"line":12},"4":{"loc":{"start":{"line":22,"column":4},"end":{"line":28,"column":5}},"type":"if","locations":[{"start":{"line":22,"column":4},"end":{"line":28,"column":5}},{"start":{"line":24,"column":11},"end":{"line":28,"column":5}}],"line":22},"5":{"loc":{"start":{"line":22,"column":8},"end":{"line":22,"column":59}},"type":"binary-expr","locations":[{"start":{"line":22,"column":8},"end":{"line":22,"column":22}},{"start":{"line":22,"column":26},"end":{"line":22,"column":59}}],"line":22},"6":{"loc":{"start":{"line":24,"column":11},"end":{"line":28,"column":5}},"type":"if","locations":[{"start":{"line":24,"column":11},"end":{"line":28,"column":5}},{"start":{"line":26,"column":11},"end":{"line":28,"column":5}}],"line":24},"7":{"loc":{"start":{"line":26,"column":11},"end":{"line":28,"column":5}},"type":"if","locations":[{"start":{"line":26,"column":11},"end":{"line":28,"column":5}},{"start":{},"end":{}}],"line":26},"8":{"loc":{"start":{"line":31,"column":4},"end":{"line":38,"column":5}},"type":"if","locations":[{"start":{"line":31,"column":4},"end":{"line":38,"column":5}},{"start":{"line":33,"column":11},"end":{"line":38,"column":5}}],"line":31},"9":{"loc":{"start":{"line":31,"column":8},"end":{"line":31,"column":61}},"type":"binary-expr","locations":[{"start":{"line":31,"column":8},"end":{"line":31,"column":23}},{"start":{"line":31,"column":27},"end":{"line":31,"column":61}}],"line":31},"10":{"loc":{"start":{"line":35,"column":6},"end":{"line":37,"column":7}},"type":"if","locations":[{"start":{"line":35,"column":6},"end":{"line":37,"column":7}},{"start":{},"end":{}}],"line":35},"11":{"loc":{"start":{"line":41,"column":4},"end":{"line":47,"column":5}},"type":"if","locations":[{"start":{"line":41,"column":4},"end":{"line":47,"column":5}},{"start":{"line":43,"column":11},"end":{"line":47,"column":5}}],"line":41},"12":{"loc":{"start":{"line":41,"column":8},"end":{"line":41,"column":67}},"type":"binary-expr","locations":[{"start":{"line":41,"column":8},"end":{"line":41,"column":26}},{"start":{"line":41,"column":30},"end":{"line":41,"column":67}}],"line":41},"13":{"loc":{"start":{"line":43,"column":11},"end":{"line":47,"column":5}},"type":"if","locations":[{"start":{"line":43,"column":11},"end":{"line":47,"column":5}},{"start":{"line":45,"column":11},"end":{"line":47,"column":5}}],"line":43},"14":{"loc":{"start":{"line":45,"column":11},"end":{"line":47,"column":5}},"type":"if","locations":[{"start":{"line":45,"column":11},"end":{"line":47,"column":5}},{"start":{},"end":{}}],"line":45},"15":{"loc":{"start":{"line":62,"column":4},"end":{"line":70,"column":5}},"type":"if","locations":[{"start":{"line":62,"column":4},"end":{"line":70,"column":5}},{"start":{},"end":{}}],"line":62},"16":{"loc":{"start":{"line":63,"column":6},"end":{"line":69,"column":7}},"type":"if","locations":[{"start":{"line":63,"column":6},"end":{"line":69,"column":7}},{"start":{"line":65,"column":13},"end":{"line":69,"column":7}}],"line":63},"17":{"loc":{"start":{"line":65,"column":13},"end":{"line":69,"column":7}},"type":"if","locations":[{"start":{"line":65,"column":13},"end":{"line":69,"column":7}},{"start":{"line":67,"column":13},"end":{"line":69,"column":7}}],"line":65},"18":{"loc":{"start":{"line":67,"column":13},"end":{"line":69,"column":7}},"type":"if","locations":[{"start":{"line":67,"column":13},"end":{"line":69,"column":7}},{"start":{},"end":{}}],"line":67},"19":{"loc":{"start":{"line":73,"column":4},"end":{"line":82,"column":5}},"type":"if","locations":[{"start":{"line":73,"column":4},"end":{"line":82,"column":5}},{"start":{},"end":{}}],"line":73},"20":{"loc":{"start":{"line":74,"column":6},"end":{"line":81,"column":7}},"type":"if","locations":[{"start":{"line":74,"column":6},"end":{"line":81,"column":7}},{"start":{"line":76,"column":13},"end":{"line":81,"column":7}}],"line":74},"21":{"loc":{"start":{"line":78,"column":8},"end":{"line":80,"column":9}},"type":"if","locations":[{"start":{"line":78,"column":8},"end":{"line":80,"column":9}},{"start":{},"end":{}}],"line":78},"22":{"loc":{"start":{"line":85,"column":4},"end":{"line":93,"column":5}},"type":"if","locations":[{"start":{"line":85,"column":4},"end":{"line":93,"column":5}},{"start":{},"end":{}}],"line":85},"23":{"loc":{"start":{"line":86,"column":6},"end":{"line":92,"column":7}},"type":"if","locations":[{"start":{"line":86,"column":6},"end":{"line":92,"column":7}},{"start":{"line":88,"column":13},"end":{"line":92,"column":7}}],"line":86},"24":{"loc":{"start":{"line":88,"column":13},"end":{"line":92,"column":7}},"type":"if","locations":[{"start":{"line":88,"column":13},"end":{"line":92,"column":7}},{"start":{"line":90,"column":13},"end":{"line":92,"column":7}}],"line":88},"25":{"loc":{"start":{"line":90,"column":13},"end":{"line":92,"column":7}},"type":"if","locations":[{"start":{"line":90,"column":13},"end":{"line":92,"column":7}},{"start":{},"end":{}}],"line":90},"26":{"loc":{"start":{"line":139,"column":4},"end":{"line":141,"column":5}},"type":"if","locations":[{"start":{"line":139,"column":4},"end":{"line":141,"column":5}},{"start":{},"end":{}}],"line":139},"27":{"loc":{"start":{"line":144,"column":4},"end":{"line":146,"column":5}},"type":"if","locations":[{"start":{"line":144,"column":4},"end":{"line":146,"column":5}},{"start":{},"end":{}}],"line":144},"28":{"loc":{"start":{"line":179,"column":4},"end":{"line":181,"column":5}},"type":"if","locations":[{"start":{"line":179,"column":4},"end":{"line":181,"column":5}},{"start":{},"end":{}}],"line":179},"29":{"loc":{"start":{"line":184,"column":4},"end":{"line":186,"column":5}},"type":"if","locations":[{"start":{"line":184,"column":4},"end":{"line":186,"column":5}},{"start":{},"end":{}}],"line":184},"30":{"loc":{"start":{"line":189,"column":4},"end":{"line":194,"column":5}},"type":"if","locations":[{"start":{"line":189,"column":4},"end":{"line":194,"column":5}},{"start":{},"end":{}}],"line":189},"31":{"loc":{"start":{"line":191,"column":6},"end":{"line":193,"column":7}},"type":"if","locations":[{"start":{"line":191,"column":6},"end":{"line":193,"column":7}},{"start":{},"end":{}}],"line":191},"32":{"loc":{"start":{"line":191,"column":10},"end":{"line":191,"column":48}},"type":"binary-expr","locations":[{"start":{"line":191,"column":10},"end":{"line":191,"column":22}},{"start":{"line":191,"column":26},"end":{"line":191,"column":48}}],"line":191},"33":{"loc":{"start":{"line":199,"column":6},"end":{"line":201,"column":7}},"type":"if","locations":[{"start":{"line":199,"column":6},"end":{"line":201,"column":7}},{"start":{},"end":{}}],"line":199},"34":{"loc":{"start":{"line":212,"column":4},"end":{"line":214,"column":5}},"type":"if","locations":[{"start":{"line":212,"column":4},"end":{"line":214,"column":5}},{"start":{},"end":{}}],"line":212}},"s":{"0":2,"1":208,"2":208,"3":208,"4":208,"5":208,"6":309,"7":309,"8":14,"9":295,"10":3,"11":292,"12":3,"13":309,"14":7,"15":302,"16":302,"17":12,"18":309,"19":8,"20":301,"21":7,"22":294,"23":3,"24":309,"25":46,"26":46,"27":32,"28":0,"29":32,"30":6,"31":26,"32":0,"33":46,"34":18,"35":0,"36":18,"37":18,"38":5,"39":46,"40":10,"41":0,"42":10,"43":2,"44":8,"45":0,"46":46,"47":90,"48":6,"49":102,"50":199,"51":199,"52":1,"53":198,"54":3,"55":195,"56":195,"57":195,"58":16,"59":25,"60":218,"61":219,"62":5063,"63":26,"64":26,"65":2,"66":24,"67":24,"68":24,"69":3,"70":21,"71":9,"72":9,"73":2,"74":19,"75":19,"76":28,"77":26,"78":19,"79":13,"80":113,"81":13,"82":3,"83":10,"84":10,"85":2,"86":2},"f":{"0":208,"1":309,"2":46,"3":90,"4":6,"5":102,"6":199,"7":16,"8":25,"9":218,"10":219,"11":5063,"12":26,"13":24,"14":28,"15":13,"16":113},"b":{"0":[198],"1":[198],"2":[208,198],"3":[208,198],"4":[14,295],"5":[309,300],"6":[3,292],"7":[3,289],"8":[7,302],"9":[309,304],"10":[12,290],"11":[8,301],"12":[309,305],"13":[7,294],"14":[3,291],"15":[32,14],"16":[0,32],"17":[6,26],"18":[0,26],"19":[18,28],"20":[0,18],"21":[5,13],"22":[10,36],"23":[0,10],"24":[2,8],"25":[0,8],"26":[1,198],"27":[3,195],"28":[2,24],"29":[3,21],"30":[9,12],"31":[2,7],"32":[9,3],"33":[26,2],"34":[3,10]},"_coverageSchema":"1a1c01bbd47fc00a2c39e90264f33305004495a9","hash":"38049d467fc9138036799b6569231de8e1865f8a"}
,"C:\\Users\\ARGENIS\\Desktop\\proyecto-crud\\routes\\emailRoutes.js": {"path":"C:\\Users\\ARGENIS\\Desktop\\proyecto-crud\\routes\\emailRoutes.js","statementMap":{"0":{"start":{"line":1,"column":16},"end":{"line":1,"column":34}},"1":{"start":{"line":2,"column":24},"end":{"line":2,"column":65}},"2":{"start":{"line":3,"column":40},"end":{"line":3,"column":75}},"3":{"start":{"line":5,"column":15},"end":{"line":5,"column":31}},"4":{"start":{"line":12,"column":0},"end":{"line":12,"column":25}},"5":{"start":{"line":13,"column":0},"end":{"line":13,"column":26}},"6":{"start":{"line":16,"column":0},"end":{"line":16,"column":52}},"7":{"start":{"line":17,"column":0},"end":{"line":17,"column":54}},"8":{"start":{"line":18,"column":0},"end":{"line":18,"column":64}},"9":{"start":{"line":21,"column":0},"end":{"line":21,"column":58}},"10":{"start":{"line":22,"column":0},"end":{"line":22,"column":71}},"11":{"start":{"line":23,"column":0},"end":{"line":23,"column":68}},"12":{"start":{"line":24,"column":0},"end":{"line":24,"column":68}},"13":{"start":{"line":27,"column":0},"end":{"line":27,"column":56}},"14":{"start":{"line":28,"column":0},"end":{"line":28,"column":48}},"15":{"start":{"line":93,"column":0},"end":{"line":93,"column":24}}},"fnMap":{},"branchMap":{},"s":{"0":1,"1":1,"2":1,"3":1,"4":1,"5":1,"6":1,"7":1,"8":1,"9":1,"10":1,"11":1,"12":1,"13":1,"14":1,"15":1},"f":{},"b":{},"_coverageSchema":"1a1c01bbd47fc00a2c39e90264f33305004495a9","hash":"247cee515ad10f32b410acc084e89a531151f43f"}
,"C:\\Users\\ARGENIS\\Desktop\\proyecto-crud\\routes\\userRoutes.js": {"path":"C:\\Users\\ARGENIS\\Desktop\\proyecto-crud\\routes\\userRoutes.js","statementMap":{"0":{"start":{"line":1,"column":16},"end":{"line":1,"column":34}},"1":{"start":{"line":2,"column":23},"end":{"line":2,"column":63}},"2":{"start":{"line":7,"column":4},"end":{"line":7,"column":39}},"3":{"start":{"line":9,"column":15},"end":{"line":9,"column":31}},"4":{"start":{"line":16,"column":0},"end":{"line":16,"column":46}},"5":{"start":{"line":19,"column":0},"end":{"line":19,"column":63}},"6":{"start":{"line":22,"column":0},"end":{"line":22,"column":54}},"7":{"start":{"line":23,"column":0},"end":{"line":23,"column":39}},"8":{"start":{"line":24,"column":0},"end":{"line":24,"column":55}},"9":{"start":{"line":25,"column":0},"end":{"line":25,"column":74}},"10":{"start":{"line":26,"column":0},"end":{"line":31,"column":2}},"11":{"start":{"line":32,"column":0},"end":{"line":32,"column":57}},"12":{"start":{"line":71,"column":0},"end":{"line":71,"column":24}}},"fnMap":{},"branchMap":{},"s":{"0":1,"1":1,"2":1,"3":1,"4":1,"5":1,"6":1,"7":1,"8":1,"9":1,"10":1,"11":1,"12":1},"f":{},"b":{},"_coverageSchema":"1a1c01bbd47fc00a2c39e90264f33305004495a9","hash":"8eb4c046a89584451ed9bff72b6383a8d632f931"}
,"C:\\Users\\ARGENIS\\Desktop\\proyecto-crud\\services\\emailService.js": {"path":"C:\\Users\\ARGENIS\\Desktop\\proyecto-crud\\services\\emailService.js","statementMap":{"0":{"start":{"line":1,"column":19},"end":{"line":1,"column":40}},"1":{"start":{"line":2,"column":11},"end":{"line":2,"column":33}},"2":{"start":{"line":3,"column":13},"end":{"line":3,"column":28}},"3":{"start":{"line":4,"column":19},"end":{"line":4,"column":40}},"4":{"start":{"line":5,"column":59},"end":{"line":5,"column":91}},"5":{"start":{"line":12,"column":4},"end":{"line":12,"column":28}},"6":{"start":{"line":13,"column":4},"end":{"line":13,"column":31}},"7":{"start":{"line":14,"column":4},"end":{"line":14,"column":25}},"8":{"start":{"line":15,"column":4},"end":{"line":15,"column":35}},"9":{"start":{"line":16,"column":4},"end":{"line":16,"column":25}},"10":{"start":{"line":17,"column":4},"end":{"line":17,"column":27}},"11":{"start":{"line":18,"column":4},"end":{"line":21,"column":6}},"12":{"start":{"line":23,"column":4},"end":{"line":23,"column":16}},"13":{"start":{"line":30,"column":4},"end":{"line":52,"column":5}},"14":{"start":{"line":32,"column":25},"end":{"line":32,"column":41}},"15":{"start":{"line":33,"column":6},"end":{"line":35,"column":7}},"16":{"start":{"line":34,"column":8},"end":{"line":34,"column":83}},"17":{"start":{"line":38,"column":6},"end":{"line":38,"column":37}},"18":{"start":{"line":41,"column":6},"end":{"line":41,"column":33}},"19":{"start":{"line":44,"column":6},"end":{"line":46,"column":7}},"20":{"start":{"line":45,"column":8},"end":{"line":45,"column":35}},"21":{"start":{"line":48,"column":6},"end":{"line":48,"column":66}},"22":{"start":{"line":50,"column":6},"end":{"line":50,"column":79}},"23":{"start":{"line":51,"column":6},"end":{"line":51,"column":18}},"24":{"start":{"line":59,"column":19},"end":{"line":59,"column":38}},"25":{"start":{"line":61,"column":4},"end":{"line":70,"column":5}},"26":{"start":{"line":62,"column":6},"end":{"line":62,"column":62}},"27":{"start":{"line":65,"column":6},"end":{"line":65,"column":38}},"28":{"start":{"line":66,"column":6},"end":{"line":66,"column":88}},"29":{"start":{"line":68,"column":6},"end":{"line":68,"column":72}},"30":{"start":{"line":69,"column":6},"end":{"line":69,"column":18}},"31":{"start":{"line":77,"column":4},"end":{"line":96,"column":5}},"32":{"start":{"line":78,"column":27},"end":{"line":78,"column":63}},"33":{"start":{"line":79,"column":20},"end":{"line":79,"column":50}},"34":{"start":{"line":81,"column":6},"end":{"line":90,"column":7}},"35":{"start":{"line":82,"column":8},"end":{"line":89,"column":9}},"36":{"start":{"line":83,"column":31},"end":{"line":83,"column":56}},"37":{"start":{"line":84,"column":31},"end":{"line":84,"column":60}},"38":{"start":{"line":85,"column":34},"end":{"line":85,"column":74}},"39":{"start":{"line":87,"column":10},"end":{"line":87,"column":80}},"40":{"start":{"line":88,"column":10},"end":{"line":88,"column":65}},"41":{"start":{"line":92,"column":6},"end":{"line":92,"column":68}},"42":{"start":{"line":94,"column":6},"end":{"line":94,"column":71}},"43":{"start":{"line":95,"column":6},"end":{"line":95,"column":18}},"44":{"start":{"line":103,"column":4},"end":{"line":105,"column":5}},"45":{"start":{"line":104,"column":6},"end":{"line":104,"column":65}},"46":{"start":{"line":108,"column":24},"end":{"line":117,"column":5}},"47":{"start":{"line":119,"column":25},"end":{"line":119,"column":52}},"48":{"start":{"line":122,"column":4},"end":{"line":125,"column":5}},"49":{"start":{"line":123,"column":26},"end":{"line":123,"column":72}},"50":{"start":{"line":124,"column":6},"end":{"line":124,"column":83}},"51":{"start":{"line":127,"column":4},"end":{"line":127,"column":58}},"52":{"start":{"line":134,"column":4},"end":{"line":183,"column":5}},"53":{"start":{"line":136,"column":6},"end":{"line":138,"column":7}},"54":{"start":{"line":137,"column":8},"end":{"line":137,"column":47}},"55":{"start":{"line":140,"column":27},"end":{"line":140,"column":66}},"56":{"start":{"line":143,"column":6},"end":{"line":145,"column":7}},"57":{"start":{"line":144,"column":8},"end":{"line":144,"column":49}},"58":{"start":{"line":148,"column":6},"end":{"line":156,"column":7}},"59":{"start":{"line":150,"column":8},"end":{"line":150,"column":54}},"60":{"start":{"line":151,"column":8},"end":{"line":151,"column":73}},"61":{"start":{"line":154,"column":8},"end":{"line":154,"column":63}},"62":{"start":{"line":155,"column":8},"end":{"line":155,"column":77}},"63":{"start":{"line":159,"column":6},"end":{"line":159,"column":37}},"64":{"start":{"line":160,"column":6},"end":{"line":165,"column":9}},"65":{"start":{"line":167,"column":6},"end":{"line":171,"column":8}},"66":{"start":{"line":174,"column":6},"end":{"line":174,"column":67}},"67":{"start":{"line":176,"column":6},"end":{"line":180,"column":9}},"68":{"start":{"line":182,"column":6},"end":{"line":182,"column":18}},"69":{"start":{"line":197,"column":8},"end":{"line":197,"column":15}},"70":{"start":{"line":199,"column":4},"end":{"line":201,"column":5}},"71":{"start":{"line":200,"column":6},"end":{"line":200,"column":68}},"72":{"start":{"line":203,"column":15},"end":{"line":203,"column":17}},"73":{"start":{"line":204,"column":15},"end":{"line":204,"column":17}},"74":{"start":{"line":206,"column":4},"end":{"line":216,"column":5}},"75":{"start":{"line":207,"column":6},"end":{"line":207,"column":49}},"76":{"start":{"line":208,"column":6},"end":{"line":208,"column":35}},"77":{"start":{"line":209,"column":11},"end":{"line":216,"column":5}},"78":{"start":{"line":210,"column":6},"end":{"line":210,"column":26}},"79":{"start":{"line":211,"column":6},"end":{"line":211,"column":51}},"80":{"start":{"line":212,"column":11},"end":{"line":216,"column":5}},"81":{"start":{"line":213,"column":6},"end":{"line":213,"column":26}},"82":{"start":{"line":215,"column":6},"end":{"line":215,"column":65}},"83":{"start":{"line":218,"column":4},"end":{"line":230,"column":6}},"84":{"start":{"line":237,"column":4},"end":{"line":240,"column":14}},"85":{"start":{"line":247,"column":4},"end":{"line":249,"column":5}},"86":{"start":{"line":248,"column":6},"end":{"line":248,"column":43}},"87":{"start":{"line":251,"column":22},"end":{"line":258,"column":5}},"88":{"start":{"line":260,"column":4},"end":{"line":260,"column":36}},"89":{"start":{"line":261,"column":4},"end":{"line":261,"column":66}},"90":{"start":{"line":263,"column":4},"end":{"line":267,"column":6}},"91":{"start":{"line":274,"column":4},"end":{"line":274,"column":39}},"92":{"start":{"line":274,"column":32},"end":{"line":274,"column":39}},"93":{"start":{"line":276,"column":4},"end":{"line":276,"column":34}},"94":{"start":{"line":277,"column":4},"end":{"line":277,"column":52}},"95":{"start":{"line":279,"column":25},"end":{"line":317,"column":5}},"96":{"start":{"line":280,"column":6},"end":{"line":313,"column":7}},"97":{"start":{"line":281,"column":22},"end":{"line":281,"column":76}},"98":{"start":{"line":283,"column":25},"end":{"line":305,"column":10}},"99":{"start":{"line":284,"column":10},"end":{"line":304,"column":11}},"100":{"start":{"line":285,"column":12},"end":{"line":285,"column":47}},"101":{"start":{"line":286,"column":12},"end":{"line":286,"column":33}},"102":{"start":{"line":287,"column":12},"end":{"line":287,"column":66}},"103":{"start":{"line":289,"column":12},"end":{"line":289,"column":28}},"104":{"start":{"line":290,"column":12},"end":{"line":290,"column":43}},"105":{"start":{"line":292,"column":12},"end":{"line":303,"column":13}},"106":{"start":{"line":293,"column":14},"end":{"line":293,"column":39}},"107":{"start":{"line":295,"column":14},"end":{"line":297,"column":58}},"108":{"start":{"line":296,"column":16},"end":{"line":296,"column":43}},"109":{"start":{"line":299,"column":14},"end":{"line":299,"column":111}},"110":{"start":{"line":301,"column":14},"end":{"line":301,"column":37}},"111":{"start":{"line":302,"column":14},"end":{"line":302,"column":96}},"112":{"start":{"line":307,"column":8},"end":{"line":307,"column":43}},"113":{"start":{"line":310,"column":8},"end":{"line":312,"column":9}},"114":{"start":{"line":311,"column":10},"end":{"line":311,"column":52}},"115":{"start":{"line":316,"column":6},"end":{"line":316,"column":37}},"116":{"start":{"line":319,"column":4},"end":{"line":319,"column":19}},"117":{"start":{"line":326,"column":22},"end":{"line":326,"column":45}},"118":{"start":{"line":328,"column":4},"end":{"line":330,"column":5}},"119":{"start":{"line":329,"column":6},"end":{"line":329,"column":50}},"120":{"start":{"line":332,"column":4},"end":{"line":332,"column":31}},"121":{"start":{"line":339,"column":4},"end":{"line":339,"column":52}},"122":{"start":{"line":339,"column":40},"end":{"line":339,"column":52}},"123":{"start":{"line":341,"column":16},"end":{"line":341,"column":26}},"124":{"start":{"line":344,"column":4},"end":{"line":349,"column":5}},"125":{"start":{"line":345,"column":6},"end":{"line":348,"column":8}},"126":{"start":{"line":351,"column":4},"end":{"line":356,"column":5}},"127":{"start":{"line":352,"column":6},"end":{"line":355,"column":8}},"128":{"start":{"line":359,"column":4},"end":{"line":361,"column":5}},"129":{"start":{"line":360,"column":6},"end":{"line":360,"column":19}},"130":{"start":{"line":363,"column":4},"end":{"line":365,"column":5}},"131":{"start":{"line":364,"column":6},"end":{"line":364,"column":19}},"132":{"start":{"line":367,"column":4},"end":{"line":367,"column":16}},"133":{"start":{"line":374,"column":4},"end":{"line":374,"column":42}},"134":{"start":{"line":375,"column":4},"end":{"line":375,"column":41}},"135":{"start":{"line":382,"column":4},"end":{"line":389,"column":5}},"136":{"start":{"line":383,"column":6},"end":{"line":383,"column":42}},"137":{"start":{"line":384,"column":6},"end":{"line":384,"column":41}},"138":{"start":{"line":385,"column":6},"end":{"line":385,"column":41}},"139":{"start":{"line":386,"column":6},"end":{"line":386,"column":48}},"140":{"start":{"line":387,"column":6},"end":{"line":387,"column":69}},"141":{"start":{"line":388,"column":6},"end":{"line":388,"column":57}},"142":{"start":{"line":391,"column":4},"end":{"line":394,"column":6}},"143":{"start":{"line":401,"column":4},"end":{"line":423,"column":5}},"144":{"start":{"line":402,"column":22},"end":{"line":402,"column":53}},"145":{"start":{"line":403,"column":6},"end":{"line":403,"column":51}},"146":{"start":{"line":405,"column":23},"end":{"line":405,"column":75}},"147":{"start":{"line":406,"column":24},"end":{"line":409,"column":7}},"148":{"start":{"line":411,"column":25},"end":{"line":411,"column":27}},"149":{"start":{"line":412,"column":6},"end":{"line":417,"column":7}},"150":{"start":{"line":413,"column":28},"end":{"line":413,"column":64}},"151":{"start":{"line":414,"column":8},"end":{"line":414,"column":47}},"152":{"start":{"line":419,"column":6},"end":{"line":419,"column":35}},"153":{"start":{"line":420,"column":6},"end":{"line":420,"column":74}},"154":{"start":{"line":422,"column":6},"end":{"line":422,"column":79}},"155":{"start":{"line":431,"column":4},"end":{"line":444,"column":7}},"156":{"start":{"line":448,"column":4},"end":{"line":461,"column":7}},"157":{"start":{"line":465,"column":4},"end":{"line":478,"column":7}},"158":{"start":{"line":482,"column":4},"end":{"line":495,"column":7}},"159":{"start":{"line":502,"column":4},"end":{"line":510,"column":6}},"160":{"start":{"line":518,"column":4},"end":{"line":518,"column":51}},"161":{"start":{"line":522,"column":4},"end":{"line":522,"column":59}},"162":{"start":{"line":522,"column":34},"end":{"line":522,"column":57}},"163":{"start":{"line":526,"column":4},"end":{"line":526,"column":45}},"164":{"start":{"line":526,"column":38},"end":{"line":526,"column":45}},"165":{"start":{"line":528,"column":22},"end":{"line":528,"column":46}},"166":{"start":{"line":529,"column":23},"end":{"line":529,"column":75}},"167":{"start":{"line":531,"column":4},"end":{"line":533,"column":5}},"168":{"start":{"line":532,"column":6},"end":{"line":532,"column":30}},"169":{"start":{"line":540,"column":27},"end":{"line":540,"column":31}},"170":{"start":{"line":542,"column":24},"end":{"line":548,"column":1}},"171":{"start":{"line":543,"column":2},"end":{"line":546,"column":3}},"172":{"start":{"line":544,"column":4},"end":{"line":544,"column":46}},"173":{"start":{"line":545,"column":4},"end":{"line":545,"column":38}},"174":{"start":{"line":547,"column":2},"end":{"line":547,"column":30}},"175":{"start":{"line":550,"column":0},"end":{"line":553,"column":2}}},"fnMap":{"0":{"name":"(anonymous_0)","decl":{"start":{"line":11,"column":2},"end":{"line":11,"column":3}},"loc":{"start":{"line":11,"column":16},"end":{"line":24,"column":3}},"line":11},"1":{"name":"(anonymous_1)","decl":{"start":{"line":29,"column":2},"end":{"line":29,"column":3}},"loc":{"start":{"line":29,"column":15},"end":{"line":53,"column":3}},"line":29},"2":{"name":"(anonymous_2)","decl":{"start":{"line":58,"column":2},"end":{"line":58,"column":3}},"loc":{"start":{"line":58,"column":28},"end":{"line":71,"column":3}},"line":58},"3":{"name":"(anonymous_3)","decl":{"start":{"line":76,"column":2},"end":{"line":76,"column":3}},"loc":{"start":{"line":76,"column":24},"end":{"line":97,"column":3}},"line":76},"4":{"name":"(anonymous_4)","decl":{"start":{"line":102,"column":2},"end":{"line":102,"column":3}},"loc":{"start":{"line":102,"column":42},"end":{"line":128,"column":3}},"line":102},"5":{"name":"(anonymous_5)","decl":{"start":{"line":133,"column":2},"end":{"line":133,"column":3}},"loc":{"start":{"line":133,"column":27},"end":{"line":184,"column":3}},"line":133},"6":{"name":"(anonymous_6)","decl":{"start":{"line":189,"column":2},"end":{"line":189,"column":3}},"loc":{"start":{"line":189,"column":37},"end":{"line":231,"column":3}},"line":189},"7":{"name":"(anonymous_7)","decl":{"start":{"line":236,"column":2},"end":{"line":236,"column":3}},"loc":{"start":{"line":236,"column":19},"end":{"line":241,"column":3}},"line":236},"8":{"name":"(anonymous_8)","decl":{"start":{"line":246,"column":2},"end":{"line":246,"column":3}},"loc":{"start":{"line":246,"column":28},"end":{"line":268,"column":3}},"line":246},"9":{"name":"(anonymous_9)","decl":{"start":{"line":273,"column":2},"end":{"line":273,"column":3}},"loc":{"start":{"line":273,"column":30},"end":{"line":320,"column":3}},"line":273},"10":{"name":"(anonymous_10)","decl":{"start":{"line":279,"column":25},"end":{"line":279,"column":26}},"loc":{"start":{"line":279,"column":37},"end":{"line":317,"column":5}},"line":279},"11":{"name":"(anonymous_11)","decl":{"start":{"line":283,"column":35},"end":{"line":283,"column":36}},"loc":{"start":{"line":283,"column":51},"end":{"line":305,"column":9}},"line":283},"12":{"name":"(anonymous_12)","decl":{"start":{"line":295,"column":25},"end":{"line":295,"column":26}},"loc":{"start":{"line":295,"column":31},"end":{"line":297,"column":15}},"line":295},"13":{"name":"(anonymous_13)","decl":{"start":{"line":325,"column":2},"end":{"line":325,"column":3}},"loc":{"start":{"line":325,"column":31},"end":{"line":333,"column":3}},"line":325},"14":{"name":"(anonymous_14)","decl":{"start":{"line":338,"column":2},"end":{"line":338,"column":3}},"loc":{"start":{"line":338,"column":19},"end":{"line":368,"column":3}},"line":338},"15":{"name":"(anonymous_15)","decl":{"start":{"line":373,"column":2},"end":{"line":373,"column":3}},"loc":{"start":{"line":373,"column":28},"end":{"line":376,"column":3}},"line":373},"16":{"name":"(anonymous_16)","decl":{"start":{"line":381,"column":2},"end":{"line":381,"column":3}},"loc":{"start":{"line":381,"column":29},"end":{"line":395,"column":3}},"line":381},"17":{"name":"(anonymous_17)","decl":{"start":{"line":400,"column":2},"end":{"line":400,"column":3}},"loc":{"start":{"line":400,"column":38},"end":{"line":424,"column":3}},"line":400},"18":{"name":"(anonymous_18)","decl":{"start":{"line":430,"column":2},"end":{"line":430,"column":3}},"loc":{"start":{"line":430,"column":46},"end":{"line":445,"column":3}},"line":430},"19":{"name":"(anonymous_19)","decl":{"start":{"line":447,"column":2},"end":{"line":447,"column":3}},"loc":{"start":{"line":447,"column":53},"end":{"line":462,"column":3}},"line":447},"20":{"name":"(anonymous_20)","decl":{"start":{"line":464,"column":2},"end":{"line":464,"column":3}},"loc":{"start":{"line":464,"column":59},"end":{"line":479,"column":3}},"line":464},"21":{"name":"(anonymous_21)","decl":{"start":{"line":481,"column":2},"end":{"line":481,"column":3}},"loc":{"start":{"line":481,"column":59},"end":{"line":496,"column":3}},"line":481},"22":{"name":"(anonymous_22)","decl":{"start":{"line":501,"column":2},"end":{"line":501,"column":3}},"loc":{"start":{"line":501,"column":13},"end":{"line":511,"column":3}},"line":501},"23":{"name":"(anonymous_23)","decl":{"start":{"line":517,"column":2},"end":{"line":517,"column":3}},"loc":{"start":{"line":517,"column":15},"end":{"line":519,"column":3}},"line":517},"24":{"name":"(anonymous_24)","decl":{"start":{"line":521,"column":2},"end":{"line":521,"column":3}},"loc":{"start":{"line":521,"column":18},"end":{"line":523,"column":3}},"line":521},"25":{"name":"(anonymous_25)","decl":{"start":{"line":522,"column":23},"end":{"line":522,"column":24}},"loc":{"start":{"line":522,"column":34},"end":{"line":522,"column":57}},"line":522},"26":{"name":"(anonymous_26)","decl":{"start":{"line":525,"column":2},"end":{"line":525,"column":3}},"loc":{"start":{"line":525,"column":22},"end":{"line":536,"column":3}},"line":525},"27":{"name":"(anonymous_27)","decl":{"start":{"line":542,"column":24},"end":{"line":542,"column":25}},"loc":{"start":{"line":542,"column":36},"end":{"line":548,"column":1}},"line":542}},"branchMap":{"0":{"loc":{"start":{"line":33,"column":6},"end":{"line":35,"column":7}},"type":"if","locations":[{"start":{"line":33,"column":6},"end":{"line":35,"column":7}},{"start":{},"end":{}}],"line":33},"1":{"loc":{"start":{"line":44,"column":6},"end":{"line":46,"column":7}},"type":"if","locations":[{"start":{"line":44,"column":6},"end":{"line":46,"column":7}},{"start":{},"end":{}}],"line":44},"2":{"loc":{"start":{"line":82,"column":8},"end":{"line":89,"column":9}},"type":"if","locations":[{"start":{"line":82,"column":8},"end":{"line":89,"column":9}},{"start":{},"end":{}}],"line":82},"3":{"loc":{"start":{"line":102,"column":31},"end":{"line":102,"column":40}},"type":"default-arg","locations":[{"start":{"line":102,"column":38},"end":{"line":102,"column":40}}],"line":102},"4":{"loc":{"start":{"line":103,"column":4},"end":{"line":105,"column":5}},"type":"if","locations":[{"start":{"line":103,"column":4},"end":{"line":105,"column":5}},{"start":{},"end":{}}],"line":103},"5":{"loc":{"start":{"line":115,"column":13},"end":{"line":115,"column":41}},"type":"binary-expr","locations":[{"start":{"line":115,"column":13},"end":{"line":115,"column":23}},{"start":{"line":115,"column":27},"end":{"line":115,"column":41}}],"line":115},"6":{"loc":{"start":{"line":116,"column":22},"end":{"line":116,"column":77}},"type":"binary-expr","locations":[{"start":{"line":116,"column":22},"end":{"line":116,"column":41}},{"start":{"line":116,"column":45},"end":{"line":116,"column":77}}],"line":116},"7":{"loc":{"start":{"line":122,"column":4},"end":{"line":125,"column":5}},"type":"if","locations":[{"start":{"line":122,"column":4},"end":{"line":125,"column":5}},{"start":{},"end":{}}],"line":122},"8":{"loc":{"start":{"line":122,"column":8},"end":{"line":122,"column":61}},"type":"binary-expr","locations":[{"start":{"line":122,"column":8},"end":{"line":122,"column":31}},{"start":{"line":122,"column":35},"end":{"line":122,"column":61}}],"line":122},"9":{"loc":{"start":{"line":136,"column":6},"end":{"line":138,"column":7}},"type":"if","locations":[{"start":{"line":136,"column":6},"end":{"line":138,"column":7}},{"start":{},"end":{}}],"line":136},"10":{"loc":{"start":{"line":143,"column":6},"end":{"line":145,"column":7}},"type":"if","locations":[{"start":{"line":143,"column":6},"end":{"line":145,"column":7}},{"start":{},"end":{}}],"line":143},"11":{"loc":{"start":{"line":143,"column":10},"end":{"line":143,"column":79}},"type":"binary-expr","locations":[{"start":{"line":143,"column":10},"end":{"line":143,"column":41}},{"start":{"line":143,"column":45},"end":{"line":143,"column":79}}],"line":143},"12":{"loc":{"start":{"line":148,"column":6},"end":{"line":156,"column":7}},"type":"if","locations":[{"start":{"line":148,"column":6},"end":{"line":156,"column":7}},{"start":{"line":152,"column":13},"end":{"line":156,"column":7}}],"line":148},"13":{"loc":{"start":{"line":148,"column":10},"end":{"line":148,"column":74}},"type":"binary-expr","locations":[{"start":{"line":148,"column":10},"end":{"line":148,"column":41}},{"start":{"line":148,"column":45},"end":{"line":148,"column":74}}],"line":148},"14":{"loc":{"start":{"line":194,"column":6},"end":{"line":194,"column":15}},"type":"default-arg","locations":[{"start":{"line":194,"column":13},"end":{"line":194,"column":15}}],"line":194},"15":{"loc":{"start":{"line":195,"column":6},"end":{"line":195,"column":22}},"type":"default-arg","locations":[{"start":{"line":195,"column":20},"end":{"line":195,"column":22}}],"line":195},"16":{"loc":{"start":{"line":196,"column":6},"end":{"line":196,"column":25}},"type":"default-arg","locations":[{"start":{"line":196,"column":17},"end":{"line":196,"column":25}}],"line":196},"17":{"loc":{"start":{"line":199,"column":4},"end":{"line":201,"column":5}},"type":"if","locations":[{"start":{"line":199,"column":4},"end":{"line":201,"column":5}},{"start":{},"end":{}}],"line":199},"18":{"loc":{"start":{"line":199,"column":8},"end":{"line":199,"column":23}},"type":"binary-expr","locations":[{"start":{"line":199,"column":8},"end":{"line":199,"column":11}},{"start":{"line":199,"column":15},"end":{"line":199,"column":23}}],"line":199},"19":{"loc":{"start":{"line":206,"column":4},"end":{"line":216,"column":5}},"type":"if","locations":[{"start":{"line":206,"column":4},"end":{"line":216,"column":5}},{"start":{"line":209,"column":11},"end":{"line":216,"column":5}}],"line":206},"20":{"loc":{"start":{"line":209,"column":11},"end":{"line":216,"column":5}},"type":"if","locations":[{"start":{"line":209,"column":11},"end":{"line":216,"column":5}},{"start":{"line":212,"column":11},"end":{"line":216,"column":5}}],"line":209},"21":{"loc":{"start":{"line":211,"column":13},"end":{"line":211,"column":50}},"type":"binary-expr","locations":[{"start":{"line":211,"column":13},"end":{"line":211,"column":25}},{"start":{"line":211,"column":29},"end":{"line":211,"column":50}}],"line":211},"22":{"loc":{"start":{"line":212,"column":11},"end":{"line":216,"column":5}},"type":"if","locations":[{"start":{"line":212,"column":11},"end":{"line":216,"column":5}},{"start":{"line":214,"column":11},"end":{"line":216,"column":5}}],"line":212},"23":{"loc":{"start":{"line":220,"column":10},"end":{"line":220,"column":48}},"type":"cond-expr","locations":[{"start":{"line":220,"column":30},"end":{"line":220,"column":43}},{"start":{"line":220,"column":46},"end":{"line":220,"column":48}}],"line":220},"24":{"loc":{"start":{"line":228,"column":22},"end":{"line":228,"column":80}},"type":"cond-expr","locations":[{"start":{"line":228,"column":44},"end":{"line":228,"column":47}},{"start":{"line":228,"column":50},"end":{"line":228,"column":80}}],"line":228},"25":{"loc":{"start":{"line":228,"column":50},"end":{"line":228,"column":80}},"type":"cond-expr","locations":[{"start":{"line":228,"column":71},"end":{"line":228,"column":74}},{"start":{"line":228,"column":77},"end":{"line":228,"column":80}}],"line":228},"26":{"loc":{"start":{"line":247,"column":4},"end":{"line":249,"column":5}},"type":"if","locations":[{"start":{"line":247,"column":4},"end":{"line":249,"column":5}},{"start":{},"end":{}}],"line":247},"27":{"loc":{"start":{"line":274,"column":4},"end":{"line":274,"column":39}},"type":"if","locations":[{"start":{"line":274,"column":4},"end":{"line":274,"column":39}},{"start":{},"end":{}}],"line":274},"28":{"loc":{"start":{"line":292,"column":12},"end":{"line":303,"column":13}},"type":"if","locations":[{"start":{"line":292,"column":12},"end":{"line":303,"column":13}},{"start":{"line":300,"column":19},"end":{"line":303,"column":13}}],"line":292},"29":{"loc":{"start":{"line":310,"column":8},"end":{"line":312,"column":9}},"type":"if","locations":[{"start":{"line":310,"column":8},"end":{"line":312,"column":9}},{"start":{},"end":{}}],"line":310},"30":{"loc":{"start":{"line":328,"column":4},"end":{"line":330,"column":5}},"type":"if","locations":[{"start":{"line":328,"column":4},"end":{"line":330,"column":5}},{"start":{},"end":{}}],"line":328},"31":{"loc":{"start":{"line":339,"column":4},"end":{"line":339,"column":52}},"type":"if","locations":[{"start":{"line":339,"column":4},"end":{"line":339,"column":52}},{"start":{},"end":{}}],"line":339},"32":{"loc":{"start":{"line":344,"column":4},"end":{"line":349,"column":5}},"type":"if","locations":[{"start":{"line":344,"column":4},"end":{"line":349,"column":5}},{"start":{},"end":{}}],"line":344},"33":{"loc":{"start":{"line":351,"column":4},"end":{"line":356,"column":5}},"type":"if","locations":[{"start":{"line":351,"column":4},"end":{"line":356,"column":5}},{"start":{},"end":{}}],"line":351},"34":{"loc":{"start":{"line":359,"column":4},"end":{"line":361,"column":5}},"type":"if","locations":[{"start":{"line":359,"column":4},"end":{"line":361,"column":5}},{"start":{},"end":{}}],"line":359},"35":{"loc":{"start":{"line":363,"column":4},"end":{"line":365,"column":5}},"type":"if","locations":[{"start":{"line":363,"column":4},"end":{"line":365,"column":5}},{"start":{},"end":{}}],"line":363},"36":{"loc":{"start":{"line":382,"column":4},"end":{"line":389,"column":5}},"type":"if","locations":[{"start":{"line":382,"column":4},"end":{"line":389,"column":5}},{"start":{},"end":{}}],"line":382},"37":{"loc":{"start":{"line":440,"column":24},"end":{"line":440,"column":54}},"type":"binary-expr","locations":[{"start":{"line":440,"column":24},"end":{"line":440,"column":35}},{"start":{"line":440,"column":39},"end":{"line":440,"column":54}}],"line":440},"38":{"loc":{"start":{"line":441,"column":19},"end":{"line":441,"column":56}},"type":"binary-expr","locations":[{"start":{"line":441,"column":19},"end":{"line":441,"column":37}},{"start":{"line":441,"column":41},"end":{"line":441,"column":56}}],"line":441},"39":{"loc":{"start":{"line":458,"column":19},"end":{"line":458,"column":50}},"type":"binary-expr","locations":[{"start":{"line":458,"column":19},"end":{"line":458,"column":31}},{"start":{"line":458,"column":35},"end":{"line":458,"column":50}}],"line":458},"40":{"loc":{"start":{"line":459,"column":19},"end":{"line":459,"column":57}},"type":"binary-expr","locations":[{"start":{"line":459,"column":19},"end":{"line":459,"column":38}},{"start":{"line":459,"column":42},"end":{"line":459,"column":57}}],"line":459},"41":{"loc":{"start":{"line":490,"column":26},"end":{"line":490,"column":57}},"type":"binary-expr","locations":[{"start":{"line":490,"column":26},"end":{"line":490,"column":47}},{"start":{"line":490,"column":51},"end":{"line":490,"column":57}}],"line":490},"42":{"loc":{"start":{"line":526,"column":4},"end":{"line":526,"column":45}},"type":"if","locations":[{"start":{"line":526,"column":4},"end":{"line":526,"column":45}},{"start":{},"end":{}}],"line":526},"43":{"loc":{"start":{"line":531,"column":4},"end":{"line":533,"column":5}},"type":"if","locations":[{"start":{"line":531,"column":4},"end":{"line":533,"column":5}},{"start":{},"end":{}}],"line":531},"44":{"loc":{"start":{"line":531,"column":8},"end":{"line":531,"column":60}},"type":"binary-expr","locations":[{"start":{"line":531,"column":8},"end":{"line":531,"column":39}},{"start":{"line":531,"column":43},"end":{"line":531,"column":60}}],"line":531},"45":{"loc":{"start":{"line":543,"column":2},"end":{"line":546,"column":3}},"type":"if","locations":[{"start":{"line":543,"column":2},"end":{"line":546,"column":3}},{"start":{},"end":{}}],"line":543}},"s":{"0":2,"1":2,"2":2,"3":2,"4":2,"5":25,"6":25,"7":25,"8":25,"9":25,"10":25,"11":25,"12":25,"13":25,"14":25,"15":25,"16":0,"17":25,"18":25,"19":25,"20":0,"21":25,"22":0,"23":0,"24":26,"25":26,"26":26,"27":26,"28":26,"29":0,"30":0,"31":26,"32":26,"33":26,"34":26,"35":52,"36":52,"37":52,"38":52,"39":52,"40":52,"41":26,"42":0,"43":0,"44":7,"45":1,"46":6,"47":6,"48":6,"49":0,"50":0,"51":6,"52":10,"53":10,"54":1,"55":9,"56":8,"57":0,"58":8,"59":0,"60":0,"61":8,"62":7,"63":7,"64":7,"65":7,"66":3,"67":3,"68":3,"69":9,"70":9,"71":1,"72":8,"73":8,"74":8,"75":5,"76":5,"77":3,"78":0,"79":0,"80":3,"81":3,"82":0,"83":8,"84":6,"85":5,"86":5,"87":0,"88":0,"89":0,"90":0,"91":0,"92":0,"93":0,"94":0,"95":0,"96":0,"97":0,"98":0,"99":0,"100":0,"101":0,"102":0,"103":0,"104":0,"105":0,"106":0,"107":0,"108":0,"109":0,"110":0,"111":0,"112":0,"113":0,"114":0,"115":0,"116":0,"117":0,"118":0,"119":0,"120":0,"121":10,"122":0,"123":10,"124":10,"125":0,"126":10,"127":0,"128":10,"129":0,"130":10,"131":0,"132":10,"133":8,"134":8,"135":1,"136":1,"137":1,"138":1,"139":1,"140":1,"141":1,"142":1,"143":1,"144":1,"145":1,"146":1,"147":1,"148":1,"149":1,"150":1,"151":1,"152":1,"153":1,"154":0,"155":1,"156":1,"157":1,"158":1,"159":1,"160":3,"161":1,"162":1,"163":140,"164":140,"165":0,"166":0,"167":0,"168":0,"169":2,"170":2,"171":0,"172":0,"173":0,"174":0,"175":2},"f":{"0":25,"1":25,"2":26,"3":26,"4":7,"5":10,"6":9,"7":6,"8":5,"9":0,"10":0,"11":0,"12":0,"13":0,"14":10,"15":8,"16":1,"17":1,"18":1,"19":1,"20":1,"21":1,"22":1,"23":3,"24":1,"25":1,"26":140,"27":0},"b":{"0":[0,25],"1":[0,25],"2":[52,0],"3":[0],"4":[1,6],"5":[6,4],"6":[6,6],"7":[0,6],"8":[6,6],"9":[1,9],"10":[0,8],"11":[8,8],"12":[0,8],"13":[8,8],"14":[4],"15":[9],"16":[9],"17":[1,8],"18":[9,8],"19":[5,3],"20":[0,3],"21":[0,0],"22":[3,0],"23":[0,8],"24":[0,8],"25":[0,8],"26":[5,0],"27":[0,0],"28":[0,0],"29":[0,0],"30":[0,0],"31":[0,10],"32":[0,10],"33":[0,10],"34":[0,10],"35":[0,10],"36":[1,0],"37":[1,1],"38":[1,1],"39":[1,1],"40":[1,1],"41":[1,1],"42":[140,0],"43":[0,0],"44":[0,0],"45":[0,0]},"_coverageSchema":"1a1c01bbd47fc00a2c39e90264f33305004495a9","hash":"99ddf2b8120a6b3b4f217b41a45d9d5ff70b4eda"}
}
