TN:
SF:controllers\emailController.js
FN:13,(anonymous_0)
FN:45,(anonymous_1)
FN:77,(anonymous_2)
FN:109,(anonymous_3)
FN:141,(anonymous_4)
FN:189,(anonymous_5)
FN:212,(anonymous_6)
FN:221,(anonymous_7)
FN:242,(anonymous_8)
FN:287,(anonymous_9)
FNF:10
FNH:10
FNDA:26,(anonymous_0)
FNDA:5,(anonymous_1)
FNDA:3,(anonymous_2)
FNDA:5,(anonymous_3)
FNDA:33,(anonymous_4)
FNDA:4,(anonymous_5)
FNDA:3,(anonymous_6)
FNDA:2,(anonymous_7)
FNDA:12,(anonymous_8)
FNDA:3,(anonymous_9)
DA:1,3
DA:2,3
DA:14,26
DA:15,26
DA:17,25
DA:18,4
DA:24,21
DA:25,21
DA:27,14
DA:33,8
DA:46,5
DA:47,5
DA:49,4
DA:50,1
DA:56,3
DA:57,3
DA:59,2
DA:65,2
DA:78,3
DA:79,3
DA:81,3
DA:82,1
DA:88,2
DA:89,2
DA:91,2
DA:97,0
DA:110,5
DA:111,5
DA:113,5
DA:114,1
DA:120,4
DA:121,4
DA:123,3
DA:129,1
DA:142,33
DA:143,33
DA:145,33
DA:146,3
DA:152,30
DA:153,2
DA:159,28
DA:160,28
DA:171,28
DA:177,0
DA:190,4
DA:191,4
DA:192,3
DA:194,3
DA:200,1
DA:213,3
DA:214,3
DA:221,2
DA:224,2
DA:230,1
DA:243,12
DA:244,12
DA:246,12
DA:247,1
DA:253,11
DA:254,11
DA:269,10
DA:275,1
DA:288,3
DA:289,3
DA:290,2
DA:292,2
DA:301,1
DA:310,3
LF:68
LH:66
BRDA:17,0,0,4
BRDA:17,0,1,21
BRDA:17,1,0,25
BRDA:17,1,1,23
BRDA:49,2,0,1
BRDA:49,2,1,3
BRDA:49,3,0,4
BRDA:49,3,1,4
BRDA:81,4,0,1
BRDA:81,4,1,2
BRDA:81,5,0,3
BRDA:81,5,1,2
BRDA:113,6,0,1
BRDA:113,6,1,4
BRDA:113,7,0,5
BRDA:113,7,1,5
BRDA:145,8,0,3
BRDA:145,8,1,30
BRDA:145,9,0,33
BRDA:145,9,1,31
BRDA:152,10,0,2
BRDA:152,10,1,28
BRDA:152,11,0,30
BRDA:152,11,1,29
BRDA:152,11,2,27
BRDA:246,12,0,1
BRDA:246,12,1,11
BRF:27
BRH:27
end_of_record
TN:
SF:controllers\userController.js
FN:12,(anonymous_0)
FN:59,(anonymous_1)
FN:66,(anonymous_2)
FN:82,(anonymous_3)
FN:113,(anonymous_4)
FN:149,(anonymous_5)
FN:185,(anonymous_6)
FN:215,(anonymous_7)
FN:246,(anonymous_8)
FN:252,(anonymous_9)
FN:257,(anonymous_10)
FNF:11
FNH:11
FNDA:57,(anonymous_0)
FNDA:8,(anonymous_1)
FNDA:13,(anonymous_2)
FNDA:10,(anonymous_3)
FNDA:6,(anonymous_4)
FNDA:6,(anonymous_5)
FNDA:6,(anonymous_6)
FNDA:5,(anonymous_7)
FNDA:5,(anonymous_8)
FNDA:4,(anonymous_9)
FNDA:4,(anonymous_10)
DA:1,1
DA:2,1
DA:13,57
DA:14,57
DA:16,57
DA:19,56
DA:20,56
DA:21,0
DA:22,0
DA:29,0
DA:31,56
DA:34,0
DA:41,56
DA:47,1
DA:60,8
DA:61,8
DA:63,8
DA:66,13
DA:70,0
DA:83,10
DA:84,10
DA:86,10
DA:88,10
DA:89,5
DA:95,5
DA:101,0
DA:114,6
DA:115,6
DA:116,6
DA:119,6
DA:120,6
DA:122,6
DA:124,5
DA:125,1
DA:131,4
DA:137,1
DA:150,6
DA:151,6
DA:152,6
DA:155,6
DA:156,6
DA:158,6
DA:160,6
DA:161,1
DA:167,5
DA:173,0
DA:186,6
DA:187,6
DA:189,6
DA:191,6
DA:192,2
DA:198,4
DA:203,0
DA:216,5
DA:217,5
DA:219,5
DA:221,5
DA:222,3
DA:228,2
DA:234,0
DA:247,5
DA:248,5
DA:250,5
DA:253,4
DA:254,4
DA:255,4
DA:258,4
DA:259,4
DA:260,4
DA:264,5
DA:270,0
DA:279,1
LF:72
LH:62
BRDA:20,0,0,0
BRDA:20,0,1,56
BRDA:20,1,0,56
BRDA:20,1,1,0
BRDA:88,2,0,5
BRDA:88,2,1,5
BRDA:124,3,0,1
BRDA:124,3,1,4
BRDA:160,4,0,1
BRDA:160,4,1,5
BRDA:191,5,0,2
BRDA:191,5,1,4
BRDA:221,6,0,3
BRDA:221,6,1,2
BRF:14
BRH:12
end_of_record
TN:
SF:middleware\validation.js
FN:10,(anonymous_0)
FN:51,(anonymous_1)
FN:57,(anonymous_2)
FN:101,(anonymous_3)
FN:136,(anonymous_4)
FN:168,(anonymous_5)
FN:183,(anonymous_6)
FN:187,(anonymous_7)
FN:208,(anonymous_8)
FN:232,(anonymous_9)
FNF:10
FNH:9
FNDA:70,(anonymous_0)
FNDA:15,(anonymous_1)
FNDA:21,(anonymous_2)
FNDA:33,(anonymous_3)
FNDA:0,(anonymous_4)
FNDA:123,(anonymous_5)
FNDA:121,(anonymous_6)
FNDA:228,(anonymous_7)
FNDA:1,(anonymous_8)
FNDA:123,(anonymous_9)
DA:1,1
DA:10,1
DA:11,70
DA:12,70
DA:15,70
DA:16,0
DA:24,70
DA:26,70
DA:27,13
DA:35,57
DA:36,57
DA:38,57
DA:40,0
DA:51,1
DA:52,15
DA:53,15
DA:56,15
DA:57,15
DA:58,21
DA:61,15
DA:62,1
DA:70,14
DA:72,14
DA:73,2
DA:81,12
DA:82,9
DA:84,12
DA:85,4
DA:88,12
DA:90,0
DA:101,1
DA:102,33
DA:103,33
DA:105,33
DA:106,0
DA:114,33
DA:115,33
DA:116,2
DA:123,31
DA:125,0
DA:136,1
DA:137,0
DA:138,0
DA:140,0
DA:141,0
DA:147,0
DA:148,0
DA:149,0
DA:155,0
DA:157,0
DA:168,1
DA:169,123
DA:170,87
DA:171,2
DA:177,121
DA:183,1
DA:184,121
DA:186,121
DA:187,121
DA:188,228
DA:190,225
DA:195,121
DA:197,0
DA:208,1
DA:209,1
DA:212,1
DA:213,1
DA:221,0
DA:232,1
DA:233,123
DA:234,123
DA:235,123
DA:238,1
LF:73
LH:57
BRDA:15,0,0,0
BRDA:15,0,1,70
BRDA:15,1,0,70
BRDA:15,1,1,4
BRDA:15,1,2,0
BRDA:26,2,0,13
BRDA:26,2,1,57
BRDA:61,3,0,1
BRDA:61,3,1,14
BRDA:72,4,0,2
BRDA:72,4,1,12
BRDA:81,5,0,9
BRDA:81,5,1,3
BRDA:84,6,0,4
BRDA:84,6,1,8
BRDA:105,7,0,0
BRDA:105,7,1,33
BRDA:115,8,0,2
BRDA:115,8,1,31
BRDA:140,9,0,0
BRDA:140,9,1,0
BRDA:148,10,0,0
BRDA:148,10,1,0
BRDA:169,11,0,87
BRDA:169,11,1,36
BRDA:169,12,0,123
BRDA:169,12,1,51
BRDA:169,12,2,44
BRDA:170,13,0,2
BRDA:170,13,1,85
BRDA:186,14,0,121
BRDA:186,14,1,0
BRDA:186,15,0,121
BRDA:186,15,1,121
BRDA:188,16,0,225
BRDA:188,16,1,3
BRDA:212,17,0,1
BRDA:212,17,1,0
BRDA:212,18,0,1
BRDA:212,18,1,1
BRDA:212,18,2,1
BRDA:225,19,0,0
BRDA:225,19,1,0
BRF:43
BRH:32
end_of_record
TN:
SF:models\User.js
FN:7,(anonymous_0)
FN:18,(anonymous_1)
FN:58,(anonymous_2)
FN:104,(anonymous_3)
FN:117,(anonymous_4)
FN:130,(anonymous_5)
FN:137,(anonymous_6)
FN:156,(anonymous_7)
FN:163,(anonymous_8)
FN:164,(anonymous_9)
FN:170,(anonymous_10)
FN:171,(anonymous_11)
FN:177,(anonymous_12)
FN:183,(anonymous_13)
FN:198,(anonymous_14)
FN:210,(anonymous_15)
FN:211,(anonymous_16)
FNF:17
FNH:17
FNDA:208,(anonymous_0)
FNDA:309,(anonymous_1)
FNDA:46,(anonymous_2)
FNDA:90,(anonymous_3)
FNDA:6,(anonymous_4)
FNDA:102,(anonymous_5)
FNDA:199,(anonymous_6)
FNDA:16,(anonymous_7)
FNDA:25,(anonymous_8)
FNDA:218,(anonymous_9)
FNDA:219,(anonymous_10)
FNDA:5063,(anonymous_11)
FNDA:26,(anonymous_12)
FNDA:24,(anonymous_13)
FNDA:28,(anonymous_14)
FNDA:13,(anonymous_15)
FNDA:113,(anonymous_16)
DA:1,2
DA:8,208
DA:9,208
DA:10,208
DA:11,208
DA:12,208
DA:19,309
DA:22,309
DA:23,14
DA:24,295
DA:25,3
DA:26,292
DA:27,3
DA:31,309
DA:32,7
DA:34,302
DA:35,302
DA:36,12
DA:41,309
DA:42,8
DA:43,301
DA:44,7
DA:45,294
DA:46,3
DA:49,309
DA:59,46
DA:62,46
DA:63,32
DA:64,0
DA:65,32
DA:66,6
DA:67,26
DA:68,0
DA:73,46
DA:74,18
DA:75,0
DA:77,18
DA:78,18
DA:79,5
DA:85,46
DA:86,10
DA:87,0
DA:88,10
DA:89,2
DA:90,8
DA:91,0
DA:95,46
DA:105,90
DA:118,6
DA:131,102
DA:138,199
DA:139,199
DA:140,1
DA:144,198
DA:145,3
DA:148,195
DA:149,195
DA:150,195
DA:157,16
DA:164,218
DA:171,5063
DA:178,26
DA:179,26
DA:180,2
DA:183,24
DA:184,24
DA:185,3
DA:189,21
DA:190,9
DA:191,9
DA:192,2
DA:197,19
DA:198,19
DA:199,28
DA:200,26
DA:204,19
DA:211,113
DA:212,13
DA:213,3
DA:216,10
DA:217,10
DA:222,2
DA:224,2
LF:83
LH:78
BRDA:7,0,0,198
BRDA:7,1,0,198
BRDA:8,2,0,208
BRDA:8,2,1,198
BRDA:12,3,0,208
BRDA:12,3,1,198
BRDA:22,4,0,14
BRDA:22,4,1,295
BRDA:22,5,0,309
BRDA:22,5,1,300
BRDA:24,6,0,3
BRDA:24,6,1,292
BRDA:26,7,0,3
BRDA:26,7,1,289
BRDA:31,8,0,7
BRDA:31,8,1,302
BRDA:31,9,0,309
BRDA:31,9,1,304
BRDA:35,10,0,12
BRDA:35,10,1,290
BRDA:41,11,0,8
BRDA:41,11,1,301
BRDA:41,12,0,309
BRDA:41,12,1,305
BRDA:43,13,0,7
BRDA:43,13,1,294
BRDA:45,14,0,3
BRDA:45,14,1,291
BRDA:62,15,0,32
BRDA:62,15,1,14
BRDA:63,16,0,0
BRDA:63,16,1,32
BRDA:65,17,0,6
BRDA:65,17,1,26
BRDA:67,18,0,0
BRDA:67,18,1,26
BRDA:73,19,0,18
BRDA:73,19,1,28
BRDA:74,20,0,0
BRDA:74,20,1,18
BRDA:78,21,0,5
BRDA:78,21,1,13
BRDA:85,22,0,10
BRDA:85,22,1,36
BRDA:86,23,0,0
BRDA:86,23,1,10
BRDA:88,24,0,2
BRDA:88,24,1,8
BRDA:90,25,0,0
BRDA:90,25,1,8
BRDA:139,26,0,1
BRDA:139,26,1,198
BRDA:144,27,0,3
BRDA:144,27,1,195
BRDA:179,28,0,2
BRDA:179,28,1,24
BRDA:184,29,0,3
BRDA:184,29,1,21
BRDA:189,30,0,9
BRDA:189,30,1,12
BRDA:191,31,0,2
BRDA:191,31,1,7
BRDA:191,32,0,9
BRDA:191,32,1,3
BRDA:199,33,0,26
BRDA:199,33,1,2
BRDA:212,34,0,3
BRDA:212,34,1,10
BRF:68
BRH:63
end_of_record
TN:
SF:routes\emailRoutes.js
FNF:0
FNH:0
DA:1,1
DA:2,1
DA:3,1
DA:5,1
DA:12,1
DA:13,1
DA:16,1
DA:17,1
DA:18,1
DA:21,1
DA:22,1
DA:23,1
DA:24,1
DA:27,1
DA:28,1
DA:93,1
LF:16
LH:16
BRF:0
BRH:0
end_of_record
TN:
SF:routes\userRoutes.js
FNF:0
FNH:0
DA:1,1
DA:2,1
DA:7,1
DA:9,1
DA:16,1
DA:19,1
DA:22,1
DA:23,1
DA:24,1
DA:25,1
DA:26,1
DA:32,1
DA:71,1
LF:13
LH:13
BRF:0
BRH:0
end_of_record
TN:
SF:services\emailService.js
FN:11,(anonymous_0)
FN:29,(anonymous_1)
FN:58,(anonymous_2)
FN:76,(anonymous_3)
FN:102,(anonymous_4)
FN:133,(anonymous_5)
FN:189,(anonymous_6)
FN:236,(anonymous_7)
FN:246,(anonymous_8)
FN:273,(anonymous_9)
FN:279,(anonymous_10)
FN:283,(anonymous_11)
FN:295,(anonymous_12)
FN:325,(anonymous_13)
FN:338,(anonymous_14)
FN:373,(anonymous_15)
FN:381,(anonymous_16)
FN:400,(anonymous_17)
FN:430,(anonymous_18)
FN:447,(anonymous_19)
FN:464,(anonymous_20)
FN:481,(anonymous_21)
FN:501,(anonymous_22)
FN:517,(anonymous_23)
FN:521,(anonymous_24)
FN:522,(anonymous_25)
FN:525,(anonymous_26)
FN:542,(anonymous_27)
FNF:28
FNH:22
FNDA:25,(anonymous_0)
FNDA:25,(anonymous_1)
FNDA:26,(anonymous_2)
FNDA:26,(anonymous_3)
FNDA:7,(anonymous_4)
FNDA:10,(anonymous_5)
FNDA:9,(anonymous_6)
FNDA:6,(anonymous_7)
FNDA:5,(anonymous_8)
FNDA:0,(anonymous_9)
FNDA:0,(anonymous_10)
FNDA:0,(anonymous_11)
FNDA:0,(anonymous_12)
FNDA:0,(anonymous_13)
FNDA:10,(anonymous_14)
FNDA:8,(anonymous_15)
FNDA:1,(anonymous_16)
FNDA:1,(anonymous_17)
FNDA:1,(anonymous_18)
FNDA:1,(anonymous_19)
FNDA:1,(anonymous_20)
FNDA:1,(anonymous_21)
FNDA:1,(anonymous_22)
FNDA:3,(anonymous_23)
FNDA:1,(anonymous_24)
FNDA:1,(anonymous_25)
FNDA:140,(anonymous_26)
FNDA:0,(anonymous_27)
DA:1,2
DA:2,2
DA:3,2
DA:4,2
DA:5,2
DA:12,25
DA:13,25
DA:14,25
DA:15,25
DA:16,25
DA:17,25
DA:18,25
DA:23,25
DA:30,25
DA:32,25
DA:33,25
DA:34,0
DA:38,25
DA:41,25
DA:44,25
DA:45,0
DA:48,25
DA:50,0
DA:51,0
DA:59,26
DA:61,26
DA:62,26
DA:65,26
DA:66,26
DA:68,0
DA:69,0
DA:77,26
DA:78,26
DA:79,26
DA:81,26
DA:82,52
DA:83,52
DA:84,52
DA:85,52
DA:87,52
DA:88,52
DA:92,26
DA:94,0
DA:95,0
DA:103,7
DA:104,1
DA:108,6
DA:119,6
DA:122,6
DA:123,0
DA:124,0
DA:127,6
DA:134,10
DA:136,10
DA:137,1
DA:140,9
DA:143,8
DA:144,0
DA:148,8
DA:150,0
DA:151,0
DA:154,8
DA:155,7
DA:159,7
DA:160,7
DA:167,7
DA:174,3
DA:176,3
DA:182,3
DA:197,9
DA:199,9
DA:200,1
DA:203,8
DA:204,8
DA:206,8
DA:207,5
DA:208,5
DA:209,3
DA:210,0
DA:211,0
DA:212,3
DA:213,3
DA:215,0
DA:218,8
DA:237,6
DA:247,5
DA:248,5
DA:251,0
DA:260,0
DA:261,0
DA:263,0
DA:274,0
DA:276,0
DA:277,0
DA:279,0
DA:280,0
DA:281,0
DA:283,0
DA:284,0
DA:285,0
DA:286,0
DA:287,0
DA:289,0
DA:290,0
DA:292,0
DA:293,0
DA:295,0
DA:296,0
DA:299,0
DA:301,0
DA:302,0
DA:307,0
DA:310,0
DA:311,0
DA:316,0
DA:319,0
DA:326,0
DA:328,0
DA:329,0
DA:332,0
DA:339,10
DA:341,10
DA:344,10
DA:345,0
DA:351,10
DA:352,0
DA:359,10
DA:360,0
DA:363,10
DA:364,0
DA:367,10
DA:374,8
DA:375,8
DA:382,1
DA:383,1
DA:384,1
DA:385,1
DA:386,1
DA:387,1
DA:388,1
DA:391,1
DA:401,1
DA:402,1
DA:403,1
DA:405,1
DA:406,1
DA:411,1
DA:412,1
DA:413,1
DA:414,1
DA:419,1
DA:420,1
DA:422,0
DA:431,1
DA:448,1
DA:465,1
DA:482,1
DA:502,1
DA:518,3
DA:522,1
DA:526,140
DA:528,0
DA:529,0
DA:531,0
DA:532,0
DA:540,2
DA:542,2
DA:543,0
DA:544,0
DA:545,0
DA:547,0
DA:550,2
LF:172
LH:110
BRDA:33,0,0,0
BRDA:33,0,1,25
BRDA:44,1,0,0
BRDA:44,1,1,25
BRDA:82,2,0,52
BRDA:82,2,1,0
BRDA:102,3,0,0
BRDA:103,4,0,1
BRDA:103,4,1,6
BRDA:115,5,0,6
BRDA:115,5,1,4
BRDA:116,6,0,6
BRDA:116,6,1,6
BRDA:122,7,0,0
BRDA:122,7,1,6
BRDA:122,8,0,6
BRDA:122,8,1,6
BRDA:136,9,0,1
BRDA:136,9,1,9
BRDA:143,10,0,0
BRDA:143,10,1,8
BRDA:143,11,0,8
BRDA:143,11,1,8
BRDA:148,12,0,0
BRDA:148,12,1,8
BRDA:148,13,0,8
BRDA:148,13,1,8
BRDA:194,14,0,4
BRDA:195,15,0,9
BRDA:196,16,0,9
BRDA:199,17,0,1
BRDA:199,17,1,8
BRDA:199,18,0,9
BRDA:199,18,1,8
BRDA:206,19,0,5
BRDA:206,19,1,3
BRDA:209,20,0,0
BRDA:209,20,1,3
BRDA:211,21,0,0
BRDA:211,21,1,0
BRDA:212,22,0,3
BRDA:212,22,1,0
BRDA:220,23,0,0
BRDA:220,23,1,8
BRDA:228,24,0,0
BRDA:228,24,1,8
BRDA:228,25,0,0
BRDA:228,25,1,8
BRDA:247,26,0,5
BRDA:247,26,1,0
BRDA:274,27,0,0
BRDA:274,27,1,0
BRDA:292,28,0,0
BRDA:292,28,1,0
BRDA:310,29,0,0
BRDA:310,29,1,0
BRDA:328,30,0,0
BRDA:328,30,1,0
BRDA:339,31,0,0
BRDA:339,31,1,10
BRDA:344,32,0,0
BRDA:344,32,1,10
BRDA:351,33,0,0
BRDA:351,33,1,10
BRDA:359,34,0,0
BRDA:359,34,1,10
BRDA:363,35,0,0
BRDA:363,35,1,10
BRDA:382,36,0,1
BRDA:382,36,1,0
BRDA:440,37,0,1
BRDA:440,37,1,1
BRDA:441,38,0,1
BRDA:441,38,1,1
BRDA:458,39,0,1
BRDA:458,39,1,1
BRDA:459,40,0,1
BRDA:459,40,1,1
BRDA:490,41,0,1
BRDA:490,41,1,1
BRDA:526,42,0,140
BRDA:526,42,1,0
BRDA:531,43,0,0
BRDA:531,43,1,0
BRDA:531,44,0,0
BRDA:531,44,1,0
BRDA:543,45,0,0
BRDA:543,45,1,0
BRF:88
BRH:52
end_of_record
